TN:
SF:src/bin/args.ts
FN:42,parseArgs
FN:67,parsePages
FN:69,(anonymous_2)
FN:87,parseOptions
FN:124,extractOptions
FN:126,(anonymous_5)
FN:127,(anonymous_6)
FNF:7
FNH:7
FNDA:9,parseArgs
FNDA:11,parsePages
FNDA:30,(anonymous_2)
FNDA:20,parseOptions
FNDA:30,extractOptions
FNDA:53,(anonymous_5)
FNDA:42,(anonymous_6)
DA:42,2
DA:44,9
DA:50,9
DA:51,2
DA:54,7
DA:55,7
DA:58,9
DA:67,2
DA:69,30
DA:71,11
DA:72,6
DA:87,2
DA:89,20
DA:92,20
DA:93,28
DA:95,4
DA:96,4
DA:98,8
DA:99,7
DA:100,7
DA:102,7
DA:103,6
DA:104,6
DA:106,8
DA:107,7
DA:108,7
DA:110,0
DA:111,0
DA:113,1
DA:124,2
DA:125,30
DA:126,53
DA:128,42
DA:129,42
LF:34
LH:32
BRDA:50,0,0,2
BRDA:50,0,1,7
BRDA:71,1,0,6
BRDA:71,1,1,5
BRDA:94,2,0,4
BRDA:94,2,1,8
BRDA:94,2,2,7
BRDA:94,2,3,8
BRDA:94,2,4,0
BRDA:94,2,5,1
BRDA:98,3,0,1
BRDA:98,3,1,7
BRDA:102,4,0,1
BRDA:102,4,1,6
BRDA:106,5,0,1
BRDA:106,5,1,7
BRDA:132,6,0,28
BRDA:132,6,1,14
BRF:18
BRH:17
end_of_record
TN:
SF:src/bin/cli.ts
FN:13,cliMain
FN:30,runApp
FN:36,(anonymous_2)
FN:63,enterWatchMode
FN:70,(anonymous_4)
FN:81,(anonymous_5)
FN:112,compileStagedChanges
FN:138,watchCurrentFiles
FN:142,(anonymous_8)
FN:149,printHelp
FNF:10
FNH:4
FNDA:4,cliMain
FNDA:2,runApp
FNDA:4,(anonymous_2)
FNDA:0,enterWatchMode
FNDA:0,(anonymous_4)
FNDA:0,(anonymous_5)
FNDA:0,compileStagedChanges
FNDA:0,watchCurrentFiles
FNDA:0,(anonymous_8)
FNDA:3,printHelp
DA:1,1
DA:5,1
DA:6,1
DA:10,1
DA:13,1
DA:14,4
DA:15,4
DA:16,4
DA:19,4
DA:21,4
DA:22,2
DA:23,2
DA:24,1
DA:26,1
DA:30,1
DA:32,2
DA:36,4
DA:40,2
DA:41,2
DA:44,2
DA:45,2
DA:46,2
DA:47,2
DA:50,2
DA:53,2
DA:54,2
DA:57,2
DA:58,0
DA:59,0
DA:65,0
DA:67,0
DA:70,0
DA:72,0
DA:75,0
DA:76,0
DA:81,0
DA:82,0
DA:83,0
DA:84,0
DA:87,0
DA:88,0
DA:91,0
DA:94,0
DA:96,0
DA:99,0
DA:100,0
DA:106,0
DA:109,0
DA:113,0
DA:116,0
DA:117,0
DA:119,0
DA:121,0
DA:123,0
DA:126,0
DA:128,0
DA:129,0
DA:135,0
DA:140,0
DA:142,0
DA:146,0
DA:149,1
DA:150,3
LF:63
LH:29
BRDA:21,0,0,2
BRDA:21,0,1,2
BRDA:23,1,0,1
BRDA:23,1,1,1
BRDA:40,2,0,2
BRDA:40,2,1,0
BRDA:40,3,0,2
BRDA:40,3,1,2
BRDA:44,4,0,2
BRDA:44,4,1,0
BRDA:44,5,0,2
BRDA:44,5,1,2
BRDA:45,6,0,2
BRDA:45,6,1,0
BRDA:45,7,0,2
BRDA:45,7,1,2
BRDA:57,8,0,0
BRDA:57,8,1,2
BRDA:75,9,0,0
BRDA:75,9,1,0
BRDA:82,10,0,0
BRDA:82,10,1,0
BRDA:121,11,0,0
BRDA:121,11,1,0
BRDA:126,12,0,0
BRDA:126,12,1,0
BRF:26
BRH:14
end_of_record
TN:
SF:src/bin/cliFs.ts
FN:35,readPackageJson
FN:57,expandPagePaths
FN:67,expandPagePath
FNF:3
FNH:3
FNDA:5,readPackageJson
FNDA:3,expandPagePaths
FNDA:8,expandPagePath
DA:1,2
DA:3,2
DA:35,2
DA:36,5
DA:37,5
DA:38,5
DA:39,10
DA:43,5
DA:44,5
DA:57,2
DA:58,3
DA:60,3
DA:61,4
DA:64,3
DA:68,8
DA:71,8
DA:72,2
DA:73,4
DA:76,4
DA:81,8
DA:83,6
DA:84,6
LF:22
LH:22
BRDA:36,0,0,5
BRDA:36,0,1,0
BRDA:71,1,0,2
BRDA:71,1,1,6
BRDA:81,2,0,6
BRDA:81,2,1,2
BRDA:81,3,0,8
BRDA:81,3,1,6
BRF:8
BRH:7
end_of_record
TN:
SF:src/bin/fileWatcher.ts
FN:18,(anonymous_1)
FN:29,(anonymous_2)
FN:44,(anonymous_3)
FN:59,(anonymous_4)
FN:76,(anonymous_5)
FN:79,(anonymous_6)
FN:83,(anonymous_7)
FN:90,(anonymous_8)
FN:99,(anonymous_9)
FN:108,(anonymous_10)
FN:115,(anonymous_11)
FNF:11
FNH:0
FNDA:0,(anonymous_1)
FNDA:0,(anonymous_2)
FNDA:0,(anonymous_3)
FNDA:0,(anonymous_4)
FNDA:0,(anonymous_5)
FNDA:0,(anonymous_6)
FNDA:0,(anonymous_7)
FNDA:0,(anonymous_8)
FNDA:0,(anonymous_9)
FNDA:0,(anonymous_10)
FNDA:0,(anonymous_11)
DA:1,1
DA:13,1
DA:15,0
DA:16,0
DA:19,0
DA:30,0
DA:32,0
DA:33,0
DA:45,0
DA:47,0
DA:48,0
DA:60,0
DA:63,0
DA:64,0
DA:65,0
DA:70,0
DA:72,0
DA:77,0
DA:79,0
DA:80,0
DA:84,0
DA:85,0
DA:86,0
DA:91,0
DA:92,0
DA:100,0
DA:109,0
DA:116,0
DA:117,0
DA:119,0
LF:30
LH:2
BRDA:64,0,0,0
BRDA:64,0,1,0
BRDA:77,1,0,0
BRDA:77,1,1,0
BRDA:84,2,0,0
BRDA:84,2,1,0
BRDA:85,3,0,0
BRDA:85,3,1,0
BRDA:85,4,0,0
BRDA:85,4,1,0
BRDA:91,5,0,0
BRDA:91,5,1,0
BRF:12
BRH:0
end_of_record
TN:
SF:src/lib/index.ts
FN:2,(anonymous_4)
FN:2,(anonymous_5)
FNF:2
FNH:1
FNDA:2,(anonymous_4)
FNDA:0,(anonymous_5)
DA:1,27
DA:2,29
DA:3,27
DA:4,27
DA:5,27
LF:5
LH:5
BRF:0
BRH:0
end_of_record
TN:
SF:src/lib/api/mooltipage.ts
FN:55,(anonymous_0)
FN:79,(anonymous_1)
FN:93,(anonymous_2)
FN:103,(anonymous_3)
FN:118,createPipeline
FN:137,getResourceTypeExtension
FNF:6
FNH:6
FNDA:3,(anonymous_0)
FNDA:7,(anonymous_1)
FNDA:3,(anonymous_2)
FNDA:7,(anonymous_3)
FNDA:7,createPipeline
FNDA:31,getResourceTypeExtension
DA:1,27
DA:5,27
DA:11,27
DA:55,27
DA:56,3
DA:62,27
DA:80,7
DA:81,5
DA:83,2
DA:86,7
DA:94,3
DA:95,6
DA:105,7
DA:108,7
DA:109,4
DA:120,7
DA:123,7
DA:124,7
DA:125,7
DA:128,7
DA:137,27
DA:138,31
DA:139,4
DA:140,6
DA:141,6
DA:142,4
DA:143,7
DA:144,4
LF:28
LH:28
BRDA:80,0,0,5
BRDA:80,0,1,2
BRDA:108,1,0,4
BRDA:108,1,1,3
BRDA:123,2,0,5
BRDA:123,2,1,2
BRDA:123,3,0,7
BRDA:123,3,1,7
BRDA:124,4,0,5
BRDA:124,4,1,2
BRDA:124,5,0,7
BRDA:124,5,1,7
BRDA:139,6,0,4
BRDA:139,6,1,6
BRDA:139,6,2,6
BRDA:139,6,3,4
BRDA:139,6,4,7
BRDA:139,6,5,4
BRF:18
BRH:18
end_of_record
TN:
SF:src/lib/api/pipeline.ts
FN:156,(anonymous_0)
FNF:1
FNH:1
FNDA:27,(anonymous_0)
DA:156,27
DA:160,27
DA:165,27
DA:170,27
DA:175,27
DA:180,27
LF:6
LH:6
BRDA:156,0,0,27
BRDA:156,0,1,27
BRF:2
BRH:2
end_of_record
TN:
SF:src/lib/dom/domParser.ts
FN:60,(anonymous_0)
FN:76,(anonymous_1)
FN:94,createParserOptions
FN:128,(anonymous_3)
FN:137,(anonymous_4)
FN:141,(anonymous_5)
FN:146,(anonymous_6)
FN:150,(anonymous_7)
FN:168,(anonymous_8)
FN:172,(anonymous_9)
FN:180,(anonymous_10)
FN:188,(anonymous_11)
FN:199,(anonymous_12)
FN:203,(anonymous_13)
FN:215,(anonymous_14)
FN:226,(anonymous_15)
FN:240,(anonymous_16)
FN:277,(anonymous_17)
FN:283,(anonymous_18)
FN:298,(anonymous_19)
FN:319,(anonymous_20)
FN:325,(anonymous_21)
FN:331,(anonymous_22)
FN:348,(anonymous_23)
FN:355,(anonymous_24)
FN:377,(anonymous_25)
FN:392,(anonymous_26)
FN:405,(anonymous_27)
FN:288,(anonymous_28)
FN:293,(anonymous_29)
FNF:30
FNH:30
FNDA:113,(anonymous_0)
FNDA:116,(anonymous_1)
FNDA:113,createParserOptions
FNDA:116,(anonymous_3)
FNDA:118,(anonymous_4)
FNDA:117,(anonymous_5)
FNDA:1,(anonymous_6)
FNDA:419,(anonymous_7)
FNDA:417,(anonymous_8)
FNDA:566,(anonymous_9)
FNDA:16,(anonymous_10)
FNDA:11,(anonymous_11)
FNDA:11,(anonymous_12)
FNDA:19,(anonymous_13)
FNDA:430,(anonymous_14)
FNDA:428,(anonymous_15)
FNDA:419,(anonymous_16)
FNDA:35,(anonymous_17)
FNDA:19,(anonymous_18)
FNDA:8,(anonymous_19)
FNDA:22,(anonymous_20)
FNDA:5,(anonymous_21)
FNDA:9,(anonymous_22)
FNDA:1,(anonymous_23)
FNDA:25,(anonymous_24)
FNDA:15,(anonymous_25)
FNDA:1,(anonymous_26)
FNDA:6,(anonymous_27)
FNDA:11,(anonymous_28)
FNDA:8,(anonymous_29)
DA:1,27
DA:2,27
DA:39,27
DA:40,27
DA:45,27
DA:62,113
DA:65,113
DA:68,113
DA:78,116
DA:81,116
DA:82,116
DA:85,116
DA:96,113
DA:102,113
DA:103,22
DA:106,113
DA:112,27
DA:129,116
DA:130,116
DA:138,118
DA:142,117
DA:143,117
DA:147,1
DA:152,419
DA:155,419
DA:156,419
DA:157,309
DA:158,309
DA:159,309
DA:163,419
DA:165,419
DA:169,417
DA:174,566
DA:177,566
DA:182,16
DA:185,16
DA:190,11
DA:193,11
DA:196,11
DA:200,11
DA:205,19
DA:208,19
DA:217,430
DA:220,430
DA:227,428
DA:228,0
DA:231,428
DA:241,419
DA:243,35
DA:245,11
DA:247,8
DA:249,15
DA:251,16
DA:253,8
DA:255,22
DA:257,5
DA:259,4
DA:261,9
DA:263,1
DA:265,25
DA:267,15
DA:269,1
DA:271,6
DA:273,238
DA:278,35
DA:279,35
DA:280,35
DA:284,19
DA:285,19
DA:288,27
DA:289,11
DA:290,11
DA:293,27
DA:294,8
DA:295,8
DA:299,8
DA:300,8
DA:303,8
DA:304,8
DA:306,5
DA:307,5
DA:308,0
DA:310,5
DA:313,5
DA:316,8
DA:320,22
DA:321,22
DA:322,22
DA:326,5
DA:327,5
DA:328,5
DA:332,9
DA:333,9
DA:335,9
DA:336,9
DA:337,9
DA:339,9
DA:340,5
DA:341,4
DA:342,4
DA:344,0
DA:349,1
DA:350,1
DA:351,1
DA:352,1
DA:357,25
DA:358,18
DA:362,7
DA:363,7
DA:364,0
DA:367,7
DA:369,7
DA:370,7
DA:371,3
DA:373,4
DA:379,15
DA:380,2
DA:384,13
DA:385,13
DA:386,8
DA:388,5
DA:394,1
DA:395,0
DA:398,1
DA:399,1
DA:400,1
DA:402,1
DA:407,6
DA:408,6
DA:409,0
DA:412,6
LF:131
LH:125
BRDA:102,0,0,22
BRDA:102,0,1,91
BRDA:158,1,0,283
BRDA:158,1,1,26
BRDA:227,2,0,0
BRDA:227,2,1,428
BRDA:231,3,0,428
BRDA:231,3,1,0
BRDA:231,4,0,428
BRDA:231,4,1,428
BRDA:242,5,0,35
BRDA:242,5,1,11
BRDA:242,5,2,8
BRDA:242,5,3,15
BRDA:242,5,4,16
BRDA:242,5,5,8
BRDA:242,5,6,22
BRDA:242,5,7,5
BRDA:242,5,8,4
BRDA:242,5,9,9
BRDA:242,5,10,1
BRDA:242,5,11,25
BRDA:242,5,12,15
BRDA:242,5,13,1
BRDA:242,5,14,6
BRDA:242,5,15,238
BRDA:279,6,0,0
BRDA:279,6,1,35
BRDA:279,7,0,35
BRDA:279,7,1,35
BRDA:285,8,0,8
BRDA:285,8,1,11
BRDA:300,9,0,0
BRDA:300,9,1,8
BRDA:300,10,0,8
BRDA:300,10,1,8
BRDA:304,11,0,5
BRDA:304,11,1,3
BRDA:304,12,0,8
BRDA:304,12,1,3
BRDA:307,13,0,0
BRDA:307,13,1,5
BRDA:321,14,0,0
BRDA:321,14,1,22
BRDA:327,15,0,0
BRDA:327,15,1,5
BRDA:333,16,0,0
BRDA:333,16,1,9
BRDA:333,17,0,9
BRDA:333,17,1,9
BRDA:335,18,0,4
BRDA:335,18,1,5
BRDA:335,19,0,9
BRDA:335,19,1,9
BRDA:336,20,0,5
BRDA:336,20,1,4
BRDA:336,21,0,9
BRDA:336,21,1,9
BRDA:337,22,0,4
BRDA:337,22,1,5
BRDA:337,23,0,9
BRDA:337,23,1,9
BRDA:339,24,0,5
BRDA:339,24,1,4
BRDA:339,25,0,9
BRDA:339,25,1,5
BRDA:341,26,0,4
BRDA:341,26,1,0
BRDA:341,27,0,4
BRDA:341,27,1,4
BRDA:350,28,0,0
BRDA:350,28,1,1
BRDA:351,29,0,0
BRDA:351,29,1,1
BRDA:351,30,0,1
BRDA:351,30,1,0
BRDA:357,31,0,18
BRDA:357,31,1,7
BRDA:362,32,0,2
BRDA:362,32,1,5
BRDA:362,33,0,7
BRDA:362,33,1,7
BRDA:363,34,0,0
BRDA:363,34,1,7
BRDA:363,35,0,7
BRDA:363,35,1,2
BRDA:363,35,2,0
BRDA:370,36,0,3
BRDA:370,36,1,4
BRDA:379,37,0,2
BRDA:379,37,1,13
BRDA:385,38,0,8
BRDA:385,38,1,5
BRDA:394,39,0,0
BRDA:394,39,1,1
BRDA:399,40,0,0
BRDA:399,40,1,1
BRDA:399,41,0,1
BRDA:399,41,1,1
BRDA:400,42,0,1
BRDA:400,42,1,0
BRDA:400,43,0,1
BRDA:400,43,1,1
BRDA:407,44,0,2
BRDA:407,44,1,4
BRDA:407,45,0,6
BRDA:407,45,1,6
BRDA:408,46,0,0
BRDA:408,46,1,6
BRDA:408,47,0,6
BRDA:408,47,1,2
BRDA:408,47,2,2
BRF:112
BRH:94
end_of_record
TN:
SF:src/lib/dom/node.ts
FN:7,(anonymous_6)
FN:88,(anonymous_7)
FN:46,(anonymous_8)
FN:53,(anonymous_9)
FN:60,(anonymous_10)
FN:67,(anonymous_11)
FN:96,(anonymous_12)
FN:104,(anonymous_13)
FN:111,(anonymous_14)
FN:119,(anonymous_15)
FN:137,(anonymous_16)
FN:150,(anonymous_17)
FN:158,(anonymous_18)
FN:168,(anonymous_19)
FN:175,(anonymous_20)
FN:182,(anonymous_21)
FN:189,(anonymous_22)
FN:196,(anonymous_23)
FN:203,(anonymous_24)
FN:211,(anonymous_25)
FN:219,(anonymous_26)
FN:227,(anonymous_27)
FN:234,(anonymous_28)
FN:242,(anonymous_29)
FN:250,(anonymous_30)
FN:261,(anonymous_31)
FN:272,(anonymous_32)
FN:283,(anonymous_33)
FN:294,(anonymous_34)
FN:312,(anonymous_35)
FN:313,(anonymous_36)
FN:329,(anonymous_37)
FN:330,(anonymous_38)
FN:355,(anonymous_39)
FN:356,(anonymous_40)
FN:381,(anonymous_41)
FN:382,(anonymous_42)
FN:389,(anonymous_43)
FN:399,(anonymous_44)
FN:411,(anonymous_45)
FN:463,(anonymous_46)
FN:434,(anonymous_47)
FN:437,(anonymous_48)
FN:446,(anonymous_49)
FN:453,(anonymous_50)
FN:473,(anonymous_51)
FN:498,(anonymous_52)
FN:509,(anonymous_53)
FN:518,(anonymous_54)
FN:527,(anonymous_55)
FN:540,(anonymous_56)
FN:556,(anonymous_57)
FN:574,(anonymous_58)
FN:587,(anonymous_59)
FN:596,(anonymous_60)
FN:605,(anonymous_61)
FN:616,(anonymous_62)
FN:629,(anonymous_63)
FN:637,(anonymous_64)
FN:646,(anonymous_65)
FN:650,(anonymous_66)
FN:658,(anonymous_67)
FN:672,(anonymous_68)
FN:676,(anonymous_69)
FN:684,(anonymous_70)
FN:698,(anonymous_71)
FN:702,(anonymous_72)
FN:710,(anonymous_73)
FN:719,(anonymous_74)
FN:723,(anonymous_75)
FN:731,(anonymous_76)
FN:755,(anonymous_77)
FN:761,(anonymous_78)
FN:769,(anonymous_79)
FN:780,(anonymous_80)
FN:789,(anonymous_81)
FN:793,(anonymous_82)
FN:801,(anonymous_83)
FN:817,(anonymous_84)
FN:826,(anonymous_85)
FN:827,(anonymous_86)
FN:833,(anonymous_87)
FN:836,(anonymous_88)
FN:840,(anonymous_89)
FN:848,(anonymous_90)
FN:864,(anonymous_91)
FN:874,(anonymous_92)
FN:877,(anonymous_93)
FN:896,(anonymous_94)
FN:900,(anonymous_95)
FN:908,(anonymous_96)
FN:923,(anonymous_97)
FN:927,(anonymous_98)
FN:935,(anonymous_99)
FN:950,(anonymous_100)
FN:954,(anonymous_101)
FN:962,(anonymous_102)
FN:977,(anonymous_103)
FN:981,(anonymous_104)
FN:989,(anonymous_105)
FN:1008,(anonymous_106)
FN:1018,(anonymous_107)
FN:1021,(anonymous_108)
FN:1028,(anonymous_109)
FN:1031,(anonymous_110)
FN:1036,(anonymous_111)
FN:1044,(anonymous_112)
FN:1060,(anonymous_113)
FN:1071,(anonymous_114)
FN:1074,(anonymous_115)
FN:1082,(anonymous_116)
FN:1109,(anonymous_117)
FN:1113,(anonymous_118)
FN:1117,(anonymous_119)
FN:1126,(anonymous_120)
FN:1134,(anonymous_121)
FN:1151,(anonymous_122)
FN:1155,(anonymous_123)
FN:1164,(anonymous_124)
FN:1174,(anonymous_125)
FN:1182,(anonymous_126)
FN:1197,(anonymous_127)
FN:1201,(anonymous_128)
FN:1210,(anonymous_129)
FN:1214,(anonymous_130)
FN:1222,(anonymous_131)
FN:1249,(anonymous_132)
FN:1269,(anonymous_133)
FN:1272,(anonymous_134)
FN:1279,(anonymous_135)
FN:1282,(anonymous_136)
FN:1289,(anonymous_137)
FN:1292,(anonymous_138)
FN:1304,(anonymous_139)
FN:1322,(anonymous_140)
FN:1326,(anonymous_141)
FN:1334,(anonymous_142)
FN:1352,(anonymous_143)
FN:1356,(anonymous_144)
FN:1364,(anonymous_145)
FN:1396,(anonymous_146)
FN:1405,(anonymous_147)
FN:1408,(anonymous_148)
FN:1416,(anonymous_149)
FN:1419,(anonymous_150)
FN:1422,(anonymous_151)
FN:1430,(anonymous_152)
FN:1438,(anonymous_153)
FN:1448,(anonymous_154)
FN:1457,(anonymous_155)
FN:1465,(anonymous_156)
FN:1474,(anonymous_157)
FN:1478,(anonymous_158)
FN:1486,(anonymous_159)
FN:1495,(anonymous_160)
FN:1516,(anonymous_161)
FN:1527,(anonymous_162)
FN:1530,(anonymous_163)
FN:1534,(anonymous_164)
FN:1537,(anonymous_165)
FN:1545,(anonymous_166)
FN:1554,(anonymous_167)
FN:1563,(anonymous_168)
FN:1572,(anonymous_169)
FN:1580,(anonymous_170)
FN:1589,(anonymous_171)
FN:1598,(anonymous_172)
FN:1601,(anonymous_173)
FN:1605,(anonymous_174)
FN:1613,(anonymous_175)
FN:1623,(anonymous_176)
FN:1632,(anonymous_177)
FN:1640,(anonymous_178)
FN:1649,(anonymous_179)
FN:1653,(anonymous_180)
FN:1661,(anonymous_181)
FN:1675,(anonymous_182)
FN:1685,(anonymous_183)
FN:1694,(anonymous_184)
FN:1703,(anonymous_185)
FN:1712,(anonymous_186)
FN:1720,(anonymous_187)
FN:1729,(anonymous_188)
FN:1738,(anonymous_189)
FN:1741,(anonymous_190)
FN:1745,(anonymous_191)
FN:1753,(anonymous_192)
FN:1762,(anonymous_193)
FN:1772,(anonymous_194)
FN:1780,(anonymous_195)
FN:1789,(anonymous_196)
FN:1793,(anonymous_197)
FN:1801,(anonymous_198)
FN:1810,(anonymous_199)
FN:1841,parseAnchorNodeResolve
FN:1869,(anonymous_201)
FN:1879,(anonymous_202)
FN:1882,(anonymous_203)
FN:1890,(anonymous_204)
FN:1900,(anonymous_205)
FN:1902,(anonymous_206)
FN:1916,(anonymous_207)
FN:1924,(anonymous_208)
FN:1932,(anonymous_209)
FN:1954,(anonymous_210)
FN:1963,(anonymous_211)
FN:1975,(anonymous_212)
FN:1979,(anonymous_213)
FN:1987,(anonymous_214)
FNF:209
FNH:187
FNDA:27,(anonymous_6)
FNDA:3144,(anonymous_7)
FNDA:0,(anonymous_8)
FNDA:13,(anonymous_9)
FNDA:0,(anonymous_10)
FNDA:0,(anonymous_11)
FNDA:539,(anonymous_12)
FNDA:73,(anonymous_13)
FNDA:564,(anonymous_14)
FNDA:81,(anonymous_15)
FNDA:75,(anonymous_16)
FNDA:5,(anonymous_17)
FNDA:1675,(anonymous_18)
FNDA:990,(anonymous_19)
FNDA:5865,(anonymous_20)
FNDA:0,(anonymous_21)
FNDA:0,(anonymous_22)
FNDA:50,(anonymous_23)
FNDA:0,(anonymous_24)
FNDA:0,(anonymous_25)
FNDA:1099,(anonymous_26)
FNDA:0,(anonymous_27)
FNDA:8,(anonymous_28)
FNDA:164,(anonymous_29)
FNDA:0,(anonymous_30)
FNDA:9,(anonymous_31)
FNDA:134,(anonymous_32)
FNDA:16,(anonymous_33)
FNDA:32,(anonymous_34)
FNDA:0,(anonymous_35)
FNDA:0,(anonymous_36)
FNDA:134,(anonymous_37)
FNDA:1545,(anonymous_38)
FNDA:16,(anonymous_39)
FNDA:22,(anonymous_40)
FNDA:16,(anonymous_41)
FNDA:63,(anonymous_42)
FNDA:9,(anonymous_43)
FNDA:176,(anonymous_44)
FNDA:3842,(anonymous_45)
FNDA:1438,(anonymous_46)
FNDA:2712,(anonymous_47)
FNDA:3076,(anonymous_48)
FNDA:72,(anonymous_49)
FNDA:450,(anonymous_50)
FNDA:39,(anonymous_51)
FNDA:1200,(anonymous_52)
FNDA:603,(anonymous_53)
FNDA:13,(anonymous_54)
FNDA:418,(anonymous_55)
FNDA:352,(anonymous_56)
FNDA:348,(anonymous_57)
FNDA:43,(anonymous_58)
FNDA:529,(anonymous_59)
FNDA:431,(anonymous_60)
FNDA:1023,(anonymous_61)
FNDA:175,(anonymous_62)
FNDA:47,(anonymous_63)
FNDA:110,(anonymous_64)
FNDA:1351,(anonymous_65)
FNDA:219,(anonymous_66)
FNDA:34454,(anonymous_67)
FNDA:1417,(anonymous_68)
FNDA:686,(anonymous_69)
FNDA:3765,(anonymous_70)
FNDA:21,(anonymous_71)
FNDA:2,(anonymous_72)
FNDA:131,(anonymous_73)
FNDA:12,(anonymous_74)
FNDA:0,(anonymous_75)
FNDA:46,(anonymous_76)
FNDA:31,(anonymous_77)
FNDA:9,(anonymous_78)
FNDA:42,(anonymous_79)
FNDA:463,(anonymous_80)
FNDA:100,(anonymous_81)
FNDA:129,(anonymous_82)
FNDA:7600,(anonymous_83)
FNDA:90,(anonymous_84)
FNDA:91,(anonymous_85)
FNDA:146,(anonymous_86)
FNDA:125,(anonymous_87)
FNDA:90,(anonymous_88)
FNDA:38,(anonymous_89)
FNDA:3041,(anonymous_90)
FNDA:69,(anonymous_91)
FNDA:83,(anonymous_92)
FNDA:0,(anonymous_93)
FNDA:26,(anonymous_94)
FNDA:10,(anonymous_95)
FNDA:202,(anonymous_96)
FNDA:43,(anonymous_97)
FNDA:29,(anonymous_98)
FNDA:1652,(anonymous_99)
FNDA:35,(anonymous_100)
FNDA:15,(anonymous_101)
FNDA:1595,(anonymous_102)
FNDA:48,(anonymous_103)
FNDA:16,(anonymous_104)
FNDA:3107,(anonymous_105)
FNDA:12,(anonymous_106)
FNDA:7,(anonymous_107)
FNDA:12,(anonymous_108)
FNDA:12,(anonymous_109)
FNDA:12,(anonymous_110)
FNDA:3,(anonymous_111)
FNDA:1600,(anonymous_112)
FNDA:67,(anonymous_113)
FNDA:60,(anonymous_114)
FNDA:0,(anonymous_115)
FNDA:29,(anonymous_116)
FNDA:49,(anonymous_117)
FNDA:0,(anonymous_118)
FNDA:10,(anonymous_119)
FNDA:25,(anonymous_120)
FNDA:1623,(anonymous_121)
FNDA:10,(anonymous_122)
FNDA:0,(anonymous_123)
FNDA:3,(anonymous_124)
FNDA:5,(anonymous_125)
FNDA:1587,(anonymous_126)
FNDA:8,(anonymous_127)
FNDA:0,(anonymous_128)
FNDA:4,(anonymous_129)
FNDA:4,(anonymous_130)
FNDA:1582,(anonymous_131)
FNDA:22,(anonymous_132)
FNDA:20,(anonymous_133)
FNDA:0,(anonymous_134)
FNDA:22,(anonymous_135)
FNDA:0,(anonymous_136)
FNDA:30,(anonymous_137)
FNDA:0,(anonymous_138)
FNDA:1655,(anonymous_139)
FNDA:12,(anonymous_140)
FNDA:5,(anonymous_141)
FNDA:33,(anonymous_142)
FNDA:10,(anonymous_143)
FNDA:4,(anonymous_144)
FNDA:28,(anonymous_145)
FNDA:12,(anonymous_146)
FNDA:13,(anonymous_147)
FNDA:12,(anonymous_148)
FNDA:13,(anonymous_149)
FNDA:33,(anonymous_150)
FNDA:20,(anonymous_151)
FNDA:1,(anonymous_152)
FNDA:1547,(anonymous_153)
FNDA:79,(anonymous_154)
FNDA:101,(anonymous_155)
FNDA:4213,(anonymous_156)
FNDA:56,(anonymous_157)
FNDA:25,(anonymous_158)
FNDA:24,(anonymous_159)
FNDA:27,(anonymous_160)
FNDA:23,(anonymous_161)
FNDA:16,(anonymous_162)
FNDA:25,(anonymous_163)
FNDA:10,(anonymous_164)
FNDA:23,(anonymous_165)
FNDA:3170,(anonymous_166)
FNDA:12,(anonymous_167)
FNDA:4,(anonymous_168)
FNDA:2,(anonymous_169)
FNDA:1574,(anonymous_170)
FNDA:11,(anonymous_171)
FNDA:11,(anonymous_172)
FNDA:12,(anonymous_173)
FNDA:3,(anonymous_174)
FNDA:1572,(anonymous_175)
FNDA:40,(anonymous_176)
FNDA:40,(anonymous_177)
FNDA:3399,(anonymous_178)
FNDA:5,(anonymous_179)
FNDA:1,(anonymous_180)
FNDA:24,(anonymous_181)
FNDA:35,(anonymous_182)
FNDA:3351,(anonymous_183)
FNDA:16,(anonymous_184)
FNDA:9,(anonymous_185)
FNDA:7,(anonymous_186)
FNDA:1667,(anonymous_187)
FNDA:19,(anonymous_188)
FNDA:18,(anonymous_189)
FNDA:20,(anonymous_190)
FNDA:8,(anonymous_191)
FNDA:1660,(anonymous_192)
FNDA:26,(anonymous_193)
FNDA:13,(anonymous_194)
FNDA:1607,(anonymous_195)
FNDA:11,(anonymous_196)
FNDA:0,(anonymous_197)
FNDA:29,(anonymous_198)
FNDA:27,(anonymous_199)
FNDA:10,parseAnchorNodeResolve
FNDA:15,(anonymous_201)
FNDA:8,(anonymous_202)
FNDA:6,(anonymous_203)
FNDA:9,(anonymous_204)
FNDA:9,(anonymous_205)
FNDA:29,(anonymous_206)
FNDA:1,(anonymous_207)
FNDA:1554,(anonymous_208)
FNDA:27,(anonymous_209)
FNDA:10,(anonymous_210)
FNDA:9,(anonymous_211)
FNDA:10,(anonymous_212)
FNDA:0,(anonymous_213)
FNDA:1529,(anonymous_214)
DA:1,27
DA:7,27
DA:8,27
DA:9,27
DA:10,27
DA:11,27
DA:12,27
DA:13,27
DA:19,27
DA:29,3144
DA:35,3144
DA:41,3144
DA:47,0
DA:54,13
DA:61,0
DA:68,0
DA:75,3144
DA:82,3144
DA:89,3144
DA:97,539
DA:105,73
DA:112,564
DA:120,81
DA:138,75
DA:151,5
DA:158,27
DA:163,1675
DA:169,990
DA:176,5865
DA:183,0
DA:190,0
DA:197,50
DA:204,0
DA:212,0
DA:220,1099
DA:228,0
DA:235,8
DA:243,164
DA:251,0
DA:262,9
DA:273,134
DA:284,16
DA:295,32
DA:313,0
DA:330,1545
DA:356,22
DA:382,63
DA:390,9
DA:400,176
DA:401,74
DA:403,102
DA:412,3842
DA:419,27
DA:425,1438
DA:427,1438
DA:428,1438
DA:429,1438
DA:435,2712
DA:438,3076
DA:439,3076
DA:440,3076
DA:447,72
DA:454,450
DA:464,1438
DA:465,1438
DA:466,1438
DA:474,39
DA:481,27
DA:499,1200
DA:500,1200
DA:501,1200
DA:510,603
DA:519,13
DA:528,418
DA:529,418
DA:530,415
DA:531,410
DA:541,352
DA:542,2
DA:546,350
DA:557,348
DA:559,347
DA:560,2
DA:563,345
DA:575,43
DA:576,34
DA:578,9
DA:588,529
DA:597,431
DA:606,1023
DA:617,175
DA:618,79
DA:620,96
DA:630,47
DA:638,110
DA:647,1351
DA:651,219
DA:659,34454
DA:666,27
DA:673,1417
DA:677,686
DA:685,3765
DA:692,27
DA:699,21
DA:703,2
DA:711,131
DA:718,27
DA:720,12
DA:724,0
DA:732,46
DA:739,27
DA:756,31
DA:757,31
DA:758,31
DA:762,9
DA:770,42
DA:779,27
DA:781,463
DA:790,100
DA:794,129
DA:802,7600
DA:811,27
DA:818,90
DA:820,90
DA:827,146
DA:834,125
DA:837,90
DA:841,38
DA:849,3041
DA:857,27
DA:865,69
DA:868,69
DA:875,83
DA:878,0
DA:883,27
DA:890,27
DA:897,26
DA:901,10
DA:909,202
DA:917,27
DA:924,43
DA:928,29
DA:936,1652
DA:945,27
DA:951,35
DA:955,15
DA:963,1595
DA:972,27
DA:978,48
DA:982,16
DA:990,3107
DA:1001,27
DA:1009,12
DA:1011,12
DA:1012,12
DA:1019,7
DA:1022,12
DA:1029,12
DA:1032,12
DA:1037,3
DA:1045,1600
DA:1053,27
DA:1061,67
DA:1063,67
DA:1072,60
DA:1075,0
DA:1083,29
DA:1103,27
DA:1110,49
DA:1114,0
DA:1118,10
DA:1119,10
DA:1120,1
DA:1122,9
DA:1127,25
DA:1135,1623
DA:1145,27
DA:1152,10
DA:1156,0
DA:1157,0
DA:1158,0
DA:1160,0
DA:1165,3
DA:1166,3
DA:1167,3
DA:1169,0
DA:1175,5
DA:1183,1587
DA:1192,27
DA:1198,8
DA:1202,0
DA:1203,0
DA:1204,0
DA:1206,0
DA:1211,4
DA:1215,4
DA:1223,1582
DA:1235,27
DA:1250,22
DA:1251,22
DA:1253,22
DA:1255,22
DA:1257,22
DA:1258,10
DA:1260,12
DA:1270,20
DA:1273,0
DA:1280,22
DA:1283,0
DA:1290,30
DA:1293,0
DA:1294,0
DA:1296,0
DA:1305,1655
DA:1314,27
DA:1323,12
DA:1327,5
DA:1335,33
DA:1344,27
DA:1353,10
DA:1357,4
DA:1365,28
DA:1395,27
DA:1397,12
DA:1399,12
DA:1406,13
DA:1409,12
DA:1417,13
DA:1419,33
DA:1423,20
DA:1431,1
DA:1439,1547
DA:1447,27
DA:1449,79
DA:1451,79
DA:1458,101
DA:1466,4213
DA:1473,27
DA:1475,56
DA:1479,25
DA:1487,24
DA:1495,27
DA:1499,27
DA:1504,27
DA:1510,27
DA:1517,23
DA:1519,23
DA:1520,23
DA:1521,23
DA:1528,16
DA:1531,25
DA:1535,10
DA:1538,23
DA:1546,3170
DA:1553,27
DA:1555,12
DA:1564,4
DA:1565,4
DA:1566,3
DA:1568,1
DA:1573,2
DA:1581,1574
DA:1588,27
DA:1590,11
DA:1592,11
DA:1599,11
DA:1602,12
DA:1606,3
DA:1614,1572
DA:1622,27
DA:1624,40
DA:1626,40
DA:1633,40
DA:1641,3399
DA:1648,27
DA:1650,5
DA:1654,1
DA:1662,24
DA:1669,27
DA:1676,35
DA:1678,35
DA:1686,3351
DA:1693,27
DA:1695,16
DA:1704,9
DA:1705,9
DA:1706,8
DA:1708,1
DA:1713,7
DA:1721,1667
DA:1728,27
DA:1730,19
DA:1732,19
DA:1739,18
DA:1742,20
DA:1746,8
DA:1754,1660
DA:1761,27
DA:1763,26
DA:1765,26
DA:1773,13
DA:1781,1607
DA:1788,27
DA:1790,11
DA:1794,0
DA:1802,29
DA:1810,27
DA:1814,27
DA:1819,27
DA:1824,27
DA:1830,27
DA:1841,27
DA:1843,10
DA:1845,5
DA:1847,1
DA:1849,1
DA:1853,3
DA:1855,0
DA:1862,27
DA:1870,15
DA:1872,15
DA:1873,15
DA:1880,8
DA:1883,6
DA:1891,9
DA:1892,9
DA:1902,9
DA:1903,29
DA:1904,29
DA:1908,9
DA:1911,9
DA:1913,9
DA:1917,1
DA:1925,1554
DA:1932,27
DA:1936,27
DA:1941,27
DA:1948,27
DA:1955,10
DA:1957,10
DA:1964,9
DA:1965,9
DA:1966,3
DA:1970,6
DA:1972,0
DA:1976,10
DA:1980,0
DA:1988,1529
LF:348
LH:316
BRDA:7,0,0,27
BRDA:7,0,1,27
BRDA:150,1,0,5
BRDA:261,2,0,9
BRDA:272,3,0,0
BRDA:283,4,0,0
BRDA:294,5,0,16
BRDA:312,6,0,0
BRDA:329,7,0,134
BRDA:355,8,0,8
BRDA:381,9,0,16
BRDA:399,10,0,86
BRDA:400,11,0,74
BRDA:400,11,1,102
BRDA:412,12,0,3842
BRDA:412,12,1,3833
BRDA:412,12,2,2674
BRDA:463,13,0,750
BRDA:474,14,0,39
BRDA:474,14,1,26
BRDA:501,15,0,910
BRDA:501,15,1,290
BRDA:501,16,0,1200
BRDA:501,16,1,1200
BRDA:519,17,0,13
BRDA:519,17,1,11
BRDA:529,18,0,3
BRDA:529,18,1,415
BRDA:530,19,0,5
BRDA:530,19,1,410
BRDA:541,20,0,2
BRDA:541,20,1,350
BRDA:559,21,0,2
BRDA:559,21,1,345
BRDA:575,22,0,34
BRDA:575,22,1,9
BRDA:617,23,0,79
BRDA:617,23,1,96
BRDA:650,24,0,0
BRDA:672,25,0,140
BRDA:698,26,0,2
BRDA:723,27,0,0
BRDA:755,28,0,2
BRDA:755,29,0,2
BRDA:793,30,0,118
BRDA:840,31,0,0
BRDA:849,32,0,3041
BRDA:849,32,1,862
BRDA:868,33,0,54
BRDA:868,33,1,15
BRDA:868,34,0,69
BRDA:868,34,1,69
BRDA:900,35,0,0
BRDA:909,36,0,202
BRDA:909,36,1,81
BRDA:927,37,0,0
BRDA:936,38,0,1652
BRDA:936,38,1,510
BRDA:954,39,0,0
BRDA:963,40,0,1595
BRDA:963,40,1,552
BRDA:981,41,0,0
BRDA:990,42,0,3107
BRDA:990,42,1,927
BRDA:1036,43,0,0
BRDA:1045,44,0,1600
BRDA:1045,44,1,458
BRDA:1119,45,0,1
BRDA:1119,45,1,9
BRDA:1119,46,0,10
BRDA:1119,46,1,9
BRDA:1119,46,2,9
BRDA:1126,47,0,0
BRDA:1135,48,0,1623
BRDA:1135,48,1,481
BRDA:1157,49,0,0
BRDA:1157,49,1,0
BRDA:1157,50,0,0
BRDA:1157,50,1,0
BRDA:1157,50,2,0
BRDA:1166,51,0,3
BRDA:1166,51,1,0
BRDA:1166,52,0,3
BRDA:1166,52,1,3
BRDA:1166,52,2,2
BRDA:1174,53,0,0
BRDA:1183,54,0,1587
BRDA:1183,54,1,450
BRDA:1203,55,0,0
BRDA:1203,55,1,0
BRDA:1203,56,0,0
BRDA:1203,56,1,0
BRDA:1203,56,2,0
BRDA:1214,57,0,0
BRDA:1223,58,0,1582
BRDA:1223,58,1,445
BRDA:1257,59,0,10
BRDA:1257,59,1,12
BRDA:1293,60,0,0
BRDA:1293,60,1,0
BRDA:1305,61,0,1655
BRDA:1305,61,1,503
BRDA:1326,62,0,0
BRDA:1335,63,0,33
BRDA:1335,63,1,11
BRDA:1356,64,0,0
BRDA:1365,65,0,28
BRDA:1365,65,1,6
BRDA:1430,66,0,0
BRDA:1439,67,0,1547
BRDA:1439,67,1,504
BRDA:1466,68,0,4213
BRDA:1466,68,1,1202
BRDA:1478,69,0,0
BRDA:1487,70,0,24
BRDA:1487,70,1,3
BRDA:1495,71,0,27
BRDA:1495,71,1,27
BRDA:1516,72,0,14
BRDA:1516,73,0,11
BRDA:1546,74,0,3170
BRDA:1546,74,1,95
BRDA:1565,75,0,3
BRDA:1565,75,1,1
BRDA:1572,76,0,0
BRDA:1581,77,0,1574
BRDA:1581,77,1,7
BRDA:1605,78,0,0
BRDA:1614,79,0,1572
BRDA:1614,79,1,5
BRDA:1641,80,0,3399
BRDA:1641,80,1,1100
BRDA:1653,81,0,0
BRDA:1662,82,0,24
BRDA:1662,82,1,3
BRDA:1686,83,0,3351
BRDA:1686,83,1,34
BRDA:1705,84,0,8
BRDA:1705,84,1,1
BRDA:1712,85,0,0
BRDA:1721,86,0,1667
BRDA:1721,86,1,17
BRDA:1745,87,0,0
BRDA:1754,88,0,1660
BRDA:1754,88,1,10
BRDA:1781,89,0,1607
BRDA:1781,89,1,455
BRDA:1793,90,0,0
BRDA:1802,91,0,29
BRDA:1802,91,1,7
BRDA:1810,92,0,27
BRDA:1810,92,1,27
BRDA:1844,93,0,5
BRDA:1844,93,1,1
BRDA:1844,93,2,1
BRDA:1844,93,3,3
BRDA:1844,93,4,3
BRDA:1844,93,5,3
BRDA:1844,93,6,0
BRDA:1873,94,0,11
BRDA:1873,94,1,4
BRDA:1873,95,0,15
BRDA:1873,95,1,15
BRDA:1904,96,0,29
BRDA:1904,96,1,20
BRDA:1916,97,0,0
BRDA:1925,98,0,1554
BRDA:1925,98,1,4
BRDA:1932,99,0,27
BRDA:1932,99,1,27
BRDA:1954,100,0,6
BRDA:1964,101,0,0
BRDA:1964,101,1,9
BRDA:1964,102,0,9
BRDA:1964,102,1,9
BRDA:1966,103,0,3
BRDA:1966,103,1,6
BRDA:1966,103,2,6
BRDA:1966,103,3,6
BRDA:1966,103,4,0
BRDA:1979,104,0,0
BRDA:1988,105,0,1529
BRDA:1988,105,1,388
BRF:183
BRH:141
end_of_record
TN:
SF:src/lib/dom/nodeLogic.ts
FN:37,detachNode
FN:39,(anonymous_1)
FN:61,hasChild
FN:72,appendChild
FN:96,prependChild
FN:117,clear
FN:128,appendChildNodes
FN:139,prependChildNodes
FN:152,appendSibling
FN:187,prependSibling
FN:220,getFirstNode
FN:232,getLastNode
FN:244,getFirstTag
FN:258,getLastTag
FN:274,getFirstText
FN:288,getLastText
FN:301,processClonedNode
FN:308,processClonedParentNode
FN:317,cloneAttributes
FN:331,cloneTagNode
FN:346,cloneTextNode
FN:359,cloneCommentNode
FN:373,cloneCDATANode
FN:386,cloneProcessingInstructionNode
FN:400,cloneDocumentNode
FN:414,cloneMFragmentNode
FN:430,cloneMSlotNode
FN:446,cloneMContentNode
FN:462,cloneMVarNode
FN:478,cloneMScopeNode
FN:494,cloneMImportNode
FN:510,cloneMIfNode
FN:526,cloneMElseIfNode
FN:542,cloneMElseNode
FN:557,cloneMForOfNode
FN:573,cloneMForInNode
FN:589,cloneMDataNode
FN:605,cloneUncompiledStyleNode
FN:621,cloneInternalStyleNode
FN:637,cloneExternalStyleNode
FN:653,cloneUncompiledScriptNode
FN:669,cloneInternalScriptNode
FN:685,cloneExternalScriptNode
FN:701,cloneUncompiledAnchorNode
FN:717,cloneCompiledAnchorNode
FN:733,cloneMWhitespaceNode
FN:750,findChildNode
FN:774,findChildNodes
FN:794,findChildTag
FN:795,(anonymous_49)
FN:805,findChildTags
FN:806,(anonymous_51)
FN:817,replaceNode
FN:832,getChildTags
FN:833,(anonymous_54)
FN:841,createDomFromChildren
FN:852,cloneChildNodes
FN:854,(anonymous_57)
FN:863,getPreviousTag
FN:880,getNextTag
FN:897,getPreviousText
FN:914,getNextText
FN:934,serializeNode
FN:942,serializeNodeAt
FN:960,serializeDocument
FN:964,serializeTag
FN:988,serializeText
FN:996,serializeComment
FN:1006,serializeCDATA
FN:1015,serializeProcessingInstruction
FN:1023,serializeDoctypePI
FN:1031,serializeChildNodes
FN:1037,escapeNonTextContent
FN:1045,escapeTextContent
FN:1049,appendAttributeList
FN:1070,isSelfClosingTag
FN:1106,findNextNode
FNF:77
FNH:74
FNDA:3898,detachNode
FNDA:8268,(anonymous_1)
FNDA:2,hasChild
FNDA:2556,appendChild
FNDA:6,prependChild
FNDA:9,clear
FNDA:541,appendChildNodes
FNDA:2,prependChildNodes
FNDA:541,appendSibling
FNDA:75,prependSibling
FNDA:990,getFirstNode
FNDA:5865,getLastNode
FNDA:3,getFirstTag
FNDA:3,getLastTag
FNDA:53,getFirstText
FNDA:3,getLastText
FNDA:1250,processClonedNode
FNDA:553,processClonedParentNode
FNDA:421,cloneAttributes
FNDA:219,cloneTagNode
FNDA:686,cloneTextNode
FNDA:2,cloneCommentNode
FNDA:0,cloneCDATANode
FNDA:9,cloneProcessingInstructionNode
FNDA:132,cloneDocumentNode
FNDA:38,cloneMFragmentNode
FNDA:29,cloneMSlotNode
FNDA:10,cloneMContentNode
FNDA:15,cloneMVarNode
FNDA:16,cloneMScopeNode
FNDA:3,cloneMImportNode
FNDA:25,cloneMIfNode
FNDA:5,cloneMElseIfNode
FNDA:4,cloneMElseNode
FNDA:5,cloneMForOfNode
FNDA:4,cloneMForInNode
FNDA:1,cloneMDataNode
FNDA:25,cloneUncompiledStyleNode
FNDA:2,cloneInternalStyleNode
FNDA:3,cloneExternalStyleNode
FNDA:1,cloneUncompiledScriptNode
FNDA:7,cloneInternalScriptNode
FNDA:8,cloneExternalScriptNode
FNDA:0,cloneUncompiledAnchorNode
FNDA:1,cloneCompiledAnchorNode
FNDA:0,cloneMWhitespaceNode
FNDA:44,findChildNode
FNDA:720,findChildNodes
FNDA:16,findChildTag
FNDA:42,(anonymous_49)
FNDA:32,findChildTags
FNDA:585,(anonymous_51)
FNDA:161,replaceNode
FNDA:1,getChildTags
FNDA:5,(anonymous_54)
FNDA:9,createDomFromChildren
FNDA:552,cloneChildNodes
FNDA:1118,(anonymous_57)
FNDA:5,getPreviousTag
FNDA:18,getNextTag
FNDA:4,getPreviousText
FNDA:2,getNextText
FNDA:75,serializeNode
FNDA:577,serializeNodeAt
FNDA:75,serializeDocument
FNDA:229,serializeTag
FNDA:243,serializeText
FNDA:10,serializeComment
FNDA:3,serializeCDATA
FNDA:17,serializeProcessingInstruction
FNDA:17,serializeDoctypePI
FNDA:296,serializeChildNodes
FNDA:377,escapeNonTextContent
FNDA:253,escapeTextContent
FNDA:102,appendAttributeList
FNDA:229,isSelfClosingTag
FNDA:5,findNextNode
DA:1,27
DA:37,27
DA:38,3898
DA:39,8268
DA:42,3898
DA:43,583
DA:46,3898
DA:47,1052
DA:50,3898
DA:51,3898
DA:52,3898
DA:53,3898
DA:61,27
DA:62,2
DA:72,27
DA:73,2556
DA:74,2
DA:77,2554
DA:79,2554
DA:80,1646
DA:81,1646
DA:84,2554
DA:85,2554
DA:86,2554
DA:96,27
DA:97,6
DA:98,2
DA:101,4
DA:103,4
DA:104,3
DA:105,3
DA:108,4
DA:109,4
DA:110,4
DA:117,27
DA:118,9
DA:119,2
DA:128,27
DA:129,541
DA:130,1400
DA:139,27
DA:141,2
DA:142,3
DA:152,27
DA:153,541
DA:154,0
DA:156,541
DA:157,2
DA:160,539
DA:162,539
DA:164,539
DA:165,531
DA:166,531
DA:168,531
DA:169,531
DA:172,539
DA:173,338
DA:174,338
DA:177,539
DA:178,539
DA:187,27
DA:188,75
DA:189,0
DA:191,75
DA:192,1
DA:195,74
DA:197,74
DA:199,74
DA:200,66
DA:201,66
DA:203,66
DA:204,66
DA:207,74
DA:208,25
DA:209,25
DA:212,74
DA:213,74
DA:220,27
DA:221,990
DA:222,794
DA:224,196
DA:232,27
DA:233,5865
DA:234,4955
DA:236,910
DA:244,27
DA:245,3
DA:246,5
DA:247,2
DA:251,1
DA:258,27
DA:259,3
DA:260,5
DA:262,5
DA:263,2
DA:267,1
DA:274,27
DA:275,53
DA:276,49
DA:277,46
DA:281,7
DA:288,27
DA:289,3
DA:290,5
DA:292,5
DA:293,2
DA:297,1
DA:302,1250
DA:303,7
DA:309,553
DA:311,553
DA:312,552
DA:318,421
DA:320,421
DA:322,421
DA:331,27
DA:332,219
DA:334,219
DA:336,219
DA:338,219
DA:346,27
DA:347,686
DA:349,686
DA:351,686
DA:359,27
DA:360,2
DA:362,2
DA:364,2
DA:373,27
DA:374,0
DA:376,0
DA:378,0
DA:386,27
DA:387,9
DA:389,9
DA:391,9
DA:400,27
DA:401,132
DA:403,132
DA:405,132
DA:414,27
DA:415,38
DA:417,38
DA:419,38
DA:421,38
DA:430,27
DA:431,29
DA:433,29
DA:435,29
DA:437,29
DA:446,27
DA:447,10
DA:449,10
DA:451,10
DA:453,10
DA:462,27
DA:463,15
DA:465,15
DA:467,15
DA:469,15
DA:478,27
DA:479,16
DA:481,16
DA:483,16
DA:485,16
DA:494,27
DA:495,3
DA:497,3
DA:499,3
DA:501,3
DA:510,27
DA:511,25
DA:513,25
DA:515,25
DA:517,25
DA:526,27
DA:527,5
DA:529,5
DA:531,5
DA:533,5
DA:542,27
DA:543,4
DA:545,4
DA:547,4
DA:549,4
DA:557,27
DA:558,5
DA:560,5
DA:562,5
DA:564,5
DA:573,27
DA:574,4
DA:576,4
DA:578,4
DA:580,4
DA:589,27
DA:590,1
DA:592,1
DA:594,1
DA:596,1
DA:605,27
DA:606,25
DA:608,25
DA:610,25
DA:612,25
DA:621,27
DA:622,2
DA:624,2
DA:626,2
DA:628,2
DA:637,27
DA:638,3
DA:640,3
DA:642,3
DA:644,3
DA:653,27
DA:654,1
DA:656,1
DA:658,1
DA:660,1
DA:669,27
DA:670,7
DA:672,7
DA:674,7
DA:676,7
DA:685,27
DA:686,8
DA:688,8
DA:690,8
DA:692,8
DA:701,27
DA:702,0
DA:704,0
DA:706,0
DA:708,0
DA:717,27
DA:718,1
DA:720,1
DA:722,1
DA:724,1
DA:733,27
DA:734,0
DA:736,0
DA:738,0
DA:740,0
DA:750,27
DA:751,44
DA:752,83
DA:753,25
DA:756,58
DA:757,12
DA:758,12
DA:759,1
DA:764,18
DA:774,27
DA:775,720
DA:776,2130
DA:777,48
DA:780,2130
DA:781,554
DA:785,720
DA:794,27
DA:795,42
DA:796,16
DA:805,27
DA:806,585
DA:807,32
DA:817,27
DA:818,161
DA:820,161
DA:821,472
DA:822,471
DA:825,160
DA:832,27
DA:833,5
DA:841,27
DA:843,9
DA:846,9
DA:848,9
DA:853,552
DA:854,1118
DA:855,371
DA:863,27
DA:864,5
DA:865,5
DA:866,9
DA:867,3
DA:870,6
DA:873,2
DA:880,27
DA:881,18
DA:882,18
DA:883,33
DA:884,15
DA:887,18
DA:890,3
DA:897,27
DA:898,4
DA:899,4
DA:900,3
DA:901,2
DA:904,1
DA:907,2
DA:914,27
DA:915,2
DA:916,2
DA:917,3
DA:918,2
DA:921,1
DA:924,0
DA:934,27
DA:935,75
DA:937,75
DA:939,75
DA:943,577
DA:944,229
DA:945,348
DA:946,243
DA:947,105
DA:948,10
DA:949,95
DA:950,75
DA:951,20
DA:952,3
DA:953,17
DA:954,17
DA:956,0
DA:961,75
DA:965,229
DA:966,229
DA:968,229
DA:969,229
DA:971,229
DA:972,102
DA:975,229
DA:976,11
DA:978,218
DA:980,218
DA:982,218
DA:983,218
DA:984,218
DA:989,243
DA:991,243
DA:992,243
DA:997,10
DA:998,10
DA:1000,10
DA:1001,10
DA:1003,10
DA:1007,3
DA:1009,3
DA:1011,3
DA:1016,17
DA:1017,17
DA:1019,0
DA:1024,17
DA:1026,17
DA:1027,17
DA:1028,17
DA:1032,296
DA:1033,502
DA:1038,377
DA:1046,253
DA:1050,102
DA:1051,135
DA:1052,135
DA:1054,135
DA:1056,135
DA:1058,135
DA:1060,131
DA:1061,131
DA:1063,131
DA:1064,131
DA:1065,131
DA:1071,229
DA:1076,27
DA:1106,27
DA:1108,5
DA:1111,11
DA:1112,4
DA:1116,7
DA:1117,7
DA:1118,7
DA:1119,0
DA:1125,1
LF:385
LH:368
BRDA:38,0,0,1419
BRDA:38,0,1,2479
BRDA:42,1,0,583
BRDA:42,1,1,3315
BRDA:46,2,0,1052
BRDA:46,2,1,2846
BRDA:73,3,0,2
BRDA:73,3,1,2554
BRDA:79,4,0,1646
BRDA:79,4,1,908
BRDA:97,5,0,2
BRDA:97,5,1,4
BRDA:103,6,0,3
BRDA:103,6,1,1
BRDA:153,7,0,0
BRDA:153,7,1,541
BRDA:156,8,0,2
BRDA:156,8,1,539
BRDA:164,9,0,531
BRDA:164,9,1,8
BRDA:172,10,0,338
BRDA:172,10,1,201
BRDA:188,11,0,0
BRDA:188,11,1,75
BRDA:191,12,0,1
BRDA:191,12,1,74
BRDA:199,13,0,66
BRDA:199,13,1,8
BRDA:207,14,0,25
BRDA:207,14,1,49
BRDA:221,15,0,794
BRDA:221,15,1,196
BRDA:233,16,0,4955
BRDA:233,16,1,910
BRDA:246,17,0,2
BRDA:246,17,1,3
BRDA:262,18,0,2
BRDA:262,18,1,3
BRDA:276,19,0,46
BRDA:276,19,1,3
BRDA:292,20,0,2
BRDA:292,20,1,3
BRDA:302,21,0,7
BRDA:302,21,1,1243
BRDA:311,22,0,552
BRDA:311,22,1,1
BRDA:752,23,0,25
BRDA:752,23,1,58
BRDA:756,24,0,12
BRDA:756,24,1,46
BRDA:756,25,0,58
BRDA:756,25,1,42
BRDA:758,26,0,1
BRDA:758,26,1,11
BRDA:774,27,0,166
BRDA:776,28,0,48
BRDA:776,28,1,2082
BRDA:780,29,0,554
BRDA:780,29,1,1576
BRDA:780,30,0,2130
BRDA:780,30,1,2130
BRDA:795,31,0,42
BRDA:795,31,1,22
BRDA:806,32,0,585
BRDA:806,32,1,149
BRDA:853,33,0,371
BRDA:853,33,1,181
BRDA:866,34,0,3
BRDA:866,34,1,6
BRDA:883,35,0,15
BRDA:883,35,1,18
BRDA:900,36,0,2
BRDA:900,36,1,1
BRDA:917,37,0,2
BRDA:917,37,1,1
BRDA:943,38,0,229
BRDA:943,38,1,348
BRDA:945,39,0,243
BRDA:945,39,1,105
BRDA:947,40,0,10
BRDA:947,40,1,95
BRDA:949,41,0,75
BRDA:949,41,1,20
BRDA:951,42,0,3
BRDA:951,42,1,17
BRDA:953,43,0,17
BRDA:953,43,1,0
BRDA:971,44,0,102
BRDA:971,44,1,127
BRDA:975,45,0,11
BRDA:975,45,1,218
BRDA:991,46,0,243
BRDA:991,46,1,0
BRDA:1000,47,0,10
BRDA:1000,47,1,0
BRDA:1016,48,0,17
BRDA:1016,48,1,0
BRDA:1058,49,0,131
BRDA:1058,49,1,4
BRDA:1111,50,0,4
BRDA:1111,50,1,7
BRDA:1111,51,0,11
BRDA:1111,51,1,6
BRDA:1116,52,0,7
BRDA:1116,52,1,0
BRDA:1116,53,0,7
BRDA:1116,53,1,7
BRDA:1118,54,0,0
BRDA:1118,54,1,7
BRF:109
BRH:101
end_of_record
TN:
SF:src/lib/fs/fsUtils.ts
FN:9,pathIsFile
FN:18,pathIsDirectory
FN:30,getDirectoryContents
FN:46,readFile
FN:62,writeFile
FNF:5
FNH:5
FNDA:46,pathIsFile
FNDA:17,pathIsDirectory
FNDA:6,getDirectoryContents
FNDA:20,readFile
FNDA:17,writeFile
DA:1,29
DA:2,29
DA:9,29
DA:10,46
DA:18,29
DA:19,17
DA:30,29
DA:31,6
DA:32,4
DA:34,2
DA:46,29
DA:47,20
DA:48,18
DA:50,2
DA:62,29
DA:63,17
DA:64,16
DA:65,16
DA:68,17
LF:19
LH:19
BRDA:10,0,0,46
BRDA:10,0,1,34
BRDA:19,1,0,17
BRDA:19,1,1,15
BRDA:31,2,0,4
BRDA:31,2,1,2
BRDA:47,3,0,18
BRDA:47,3,1,2
BRDA:63,4,0,16
BRDA:63,4,1,1
BRF:10
BRH:10
end_of_record
TN:
SF:src/lib/fs/pathUtils.ts
FN:14,fixPathSeparators
FN:31,resolveResPath
FN:76,computeRelativeResPath
FNF:3
FNH:3
FNDA:663,fixPathSeparators
FNDA:180,resolveResPath
FNDA:3,computeRelativeResPath
DA:1,30
DA:7,30
DA:14,30
DA:15,663
DA:31,30
DA:33,180
DA:36,180
DA:38,2
DA:41,2
DA:45,180
DA:46,66
DA:49,66
DA:51,1
DA:54,65
DA:58,66
DA:62,180
DA:76,30
DA:77,3
DA:78,3
DA:80,3
DA:81,3
DA:83,3
DA:84,3
DA:87,3
LF:24
LH:24
BRDA:36,0,0,2
BRDA:36,0,1,178
BRDA:45,1,0,66
BRDA:45,1,1,114
BRDA:45,2,0,180
BRDA:45,2,1,179
BRDA:49,3,0,1
BRDA:49,3,1,65
BRDA:83,4,0,3
BRDA:83,4,1,0
BRF:10
BRH:9
end_of_record
TN:
SF:src/lib/pipeline/pipelineCache.ts
FN:6,(anonymous_0)
FN:38,(anonymous_1)
FN:49,(anonymous_2)
FN:52,(anonymous_3)
FN:62,(anonymous_4)
FN:66,(anonymous_5)
FN:70,(anonymous_6)
FN:74,(anonymous_7)
FNF:8
FNH:8
FNDA:84,(anonymous_0)
FNDA:1,(anonymous_1)
FNDA:336,(anonymous_2)
FNDA:89,(anonymous_3)
FNDA:370,(anonymous_4)
FNDA:13,(anonymous_5)
FNDA:208,(anonymous_6)
FNDA:8,(anonymous_7)
DA:6,27
DA:12,84
DA:19,84
DA:26,84
DA:33,84
DA:39,1
DA:40,1
DA:41,1
DA:42,1
DA:50,336
DA:53,89
DA:54,8
DA:59,81
DA:63,370
DA:67,13
DA:71,208
DA:75,8
LF:17
LH:17
BRDA:53,0,0,8
BRDA:53,0,1,81
BRF:2
BRH:2
end_of_record
TN:
SF:src/lib/pipeline/standardPipeline.ts
FN:79,(anonymous_7)
FN:93,(anonymous_8)
FN:134,(anonymous_9)
FN:152,(anonymous_10)
FN:191,(anonymous_11)
FN:216,(anonymous_12)
FN:232,(anonymous_13)
FN:236,(anonymous_14)
FN:265,(anonymous_15)
FN:280,(anonymous_16)
FN:290,(anonymous_17)
FN:298,(anonymous_18)
FN:326,(anonymous_19)
FN:343,(anonymous_20)
FN:372,hashMD5
FN:393,(anonymous_22)
FN:407,(anonymous_23)
FN:416,(anonymous_24)
FN:425,(anonymous_25)
FN:429,(anonymous_26)
FN:439,(anonymous_27)
FN:449,(anonymous_28)
FN:463,(anonymous_29)
FN:468,(anonymous_30)
FN:495,(anonymous_31)
FN:500,(anonymous_32)
FN:506,(anonymous_33)
FN:512,(anonymous_34)
FN:520,(anonymous_35)
FN:524,(anonymous_36)
FN:528,(anonymous_37)
FN:537,(anonymous_38)
FN:541,(anonymous_39)
FNF:33
FNH:29
FNDA:79,(anonymous_7)
FNDA:9,(anonymous_8)
FNDA:90,(anonymous_9)
FNDA:99,(anonymous_10)
FNDA:1497,(anonymous_11)
FNDA:15,(anonymous_12)
FNDA:0,(anonymous_13)
FNDA:0,(anonymous_14)
FNDA:0,(anonymous_15)
FNDA:12,(anonymous_16)
FNDA:0,(anonymous_17)
FNDA:99,(anonymous_18)
FNDA:143,(anonymous_19)
FNDA:15,(anonymous_20)
FNDA:26,hashMD5
FNDA:88,(anonymous_22)
FNDA:156,(anonymous_23)
FNDA:152,(anonymous_24)
FNDA:4,(anonymous_25)
FNDA:4,(anonymous_26)
FNDA:136,(anonymous_27)
FNDA:10,(anonymous_28)
FNDA:1,(anonymous_29)
FNDA:1,(anonymous_30)
FNDA:91,(anonymous_31)
FNDA:12,(anonymous_32)
FNDA:15,(anonymous_33)
FNDA:7,(anonymous_34)
FNDA:13,(anonymous_35)
FNDA:16,(anonymous_36)
FNDA:19,(anonymous_37)
FNDA:2,(anonymous_38)
FNDA:2,(anonymous_39)
DA:1,27
DA:3,27
DA:4,27
DA:5,27
DA:20,27
DA:26,27
DA:27,27
DA:28,27
DA:30,27
DA:32,27
DA:33,27
DA:34,27
DA:44,27
DA:81,79
DA:84,79
DA:85,79
DA:88,79
DA:89,79
DA:90,79
DA:95,9
DA:98,9
DA:99,9
DA:101,0
DA:105,9
DA:108,9
DA:109,8
DA:112,8
DA:115,8
DA:118,8
DA:121,8
DA:124,8
DA:127,8
DA:136,90
DA:139,90
DA:144,90
DA:145,90
DA:146,47
DA:149,90
DA:154,99
DA:157,99
DA:160,99
DA:161,56
DA:170,99
DA:177,99
DA:179,98
DA:193,1497
DA:194,143
DA:197,143
DA:200,143
DA:204,1354
DA:217,15
DA:220,15
DA:223,15
DA:233,0
DA:238,0
DA:241,0
DA:243,0
DA:247,0
DA:250,0
DA:252,0
DA:267,0
DA:270,0
DA:282,12
DA:284,12
DA:287,12
DA:292,0
DA:295,0
DA:299,99
DA:303,99
DA:305,17
DA:308,82
DA:311,82
DA:314,82
DA:316,82
DA:320,99
DA:330,143
DA:331,46
DA:334,97
DA:337,97
DA:340,143
DA:347,15
DA:348,2
DA:351,13
DA:354,13
DA:357,15
DA:372,27
DA:374,26
DA:377,26
DA:380,26
DA:393,27
DA:399,88
DA:405,88
DA:408,156
DA:409,156
DA:410,83
DA:411,83
DA:413,156
DA:417,152
DA:418,152
DA:419,115
DA:420,115
DA:422,152
DA:426,4
DA:430,4
DA:440,136
DA:441,136
DA:450,10
DA:451,10
DA:454,10
DA:455,2
DA:459,10
DA:464,1
DA:465,1
DA:469,1
DA:470,1
DA:471,2
DA:473,1
DA:474,3
DA:476,1
DA:484,27
DA:496,91
DA:497,91
DA:501,12
DA:503,12
DA:507,15
DA:509,15
DA:513,7
DA:515,7
DA:517,7
DA:521,13
DA:525,16
DA:529,19
DA:530,19
DA:532,19
DA:534,19
DA:538,2
DA:542,2
LF:137
LH:125
BRDA:88,0,0,55
BRDA:88,0,1,24
BRDA:88,1,0,79
BRDA:88,1,1,79
BRDA:89,2,0,0
BRDA:89,2,1,79
BRDA:89,3,0,79
BRDA:89,3,1,79
BRDA:90,4,0,0
BRDA:90,4,1,79
BRDA:90,5,0,79
BRDA:90,5,1,79
BRDA:145,6,0,47
BRDA:145,6,1,43
BRDA:154,7,0,43
BRDA:154,7,1,56
BRDA:154,8,0,99
BRDA:154,8,1,99
BRDA:154,9,0,56
BRDA:154,9,1,43
BRDA:154,10,0,99
BRDA:154,10,1,99
BRDA:160,11,0,56
BRDA:160,11,1,43
BRDA:193,12,0,143
BRDA:193,12,1,1354
BRDA:241,13,0,0
BRDA:241,13,1,0
BRDA:303,14,0,17
BRDA:303,14,1,82
BRDA:330,15,0,46
BRDA:330,15,1,97
BRDA:347,16,0,2
BRDA:347,16,1,13
BRDA:409,17,0,83
BRDA:409,17,1,73
BRDA:418,18,0,115
BRDA:418,18,1,37
BRDA:451,19,0,10
BRDA:451,19,1,0
BRF:40
BRH:35
end_of_record
TN:
SF:src/lib/pipeline/module/evalEngine.ts
FN:10,invokeEvalFunc
FN:30,isExpressionString
FN:53,parseExpression
FN:80,parseTemplateString
FN:95,parseHandlebars
FN:112,parseScript
FN:127,requireFromRoot
FNF:7
FNH:7
FNDA:158,invokeEvalFunc
FNDA:1513,isExpressionString
FNDA:99,parseExpression
FNDA:53,parseTemplateString
FNDA:44,parseHandlebars
FNDA:110,parseScript
FNDA:2,requireFromRoot
DA:10,28
DA:12,158
DA:18,28
DA:23,28
DA:30,28
DA:32,1513
DA:33,84
DA:37,1429
DA:38,67
DA:42,1362
DA:53,28
DA:55,99
DA:57,53
DA:61,46
DA:62,46
DA:64,44
DA:67,44
DA:70,2
DA:80,28
DA:82,53
DA:85,53
DA:95,28
DA:97,44
DA:100,44
DA:112,28
DA:113,110
DA:117,110
DA:119,0
DA:127,28
DA:128,2
DA:129,1
DA:130,1
DA:131,0
DA:136,2
LF:34
LH:32
BRDA:32,0,0,84
BRDA:32,0,1,1429
BRDA:37,1,0,67
BRDA:37,1,1,1362
BRDA:55,2,0,53
BRDA:55,2,1,46
BRDA:62,3,0,44
BRDA:62,3,1,2
BRDA:62,4,0,46
BRDA:62,4,1,44
BRDA:128,5,0,1
BRDA:128,5,1,1
BRDA:130,6,0,0
BRDA:130,6,1,1
BRF:14
BRH:13
end_of_record
TN:
SF:src/lib/pipeline/module/htmlCompiler.ts
FN:29,(anonymous_0)
FN:79,(anonymous_1)
FN:91,(anonymous_2)
FN:239,(anonymous_3)
FN:228,(anonymous_4)
FN:251,(anonymous_5)
FN:263,(anonymous_6)
FN:278,(anonymous_7)
FN:287,(anonymous_8)
FN:302,(anonymous_9)
FN:322,(anonymous_10)
FN:329,(anonymous_11)
FN:349,hasImport
FN:363,getImport
FNF:14
FNH:14
FNDA:79,(anonymous_0)
FNDA:99,(anonymous_1)
FNDA:1659,(anonymous_2)
FNDA:1791,(anonymous_3)
FNDA:18919,(anonymous_4)
FNDA:3,(anonymous_5)
FNDA:421,(anonymous_6)
FNDA:8,(anonymous_7)
FNDA:1549,(anonymous_8)
FNDA:15,(anonymous_9)
FNDA:1659,(anonymous_10)
FNDA:217,(anonymous_11)
FNDA:421,hasImport
FNDA:8,getImport
DA:1,27
DA:2,27
DA:3,27
DA:4,27
DA:5,27
DA:6,27
DA:7,27
DA:8,27
DA:14,27
DA:15,27
DA:16,27
DA:17,27
DA:23,27
DA:30,79
DA:81,99
DA:88,99
DA:93,1659
DA:96,1659
DA:97,17432
DA:98,14374
DA:101,14373
DA:102,129
DA:111,1529
DA:113,491
DA:114,491
DA:116,1560
DA:119,1560
DA:124,1557
DA:127,199
DA:129,168
DA:132,31
DA:136,1358
DA:142,1526
DA:143,16543
DA:144,4524
DA:147,4524
DA:148,70
DA:203,27
DA:223,1791
DA:229,18919
DA:231,1791
DA:240,1791
DA:241,1791
DA:242,1791
DA:252,3
DA:253,3
DA:264,421
DA:279,8
DA:288,1549
DA:304,15
DA:306,15
DA:313,0
DA:323,1659
DA:330,217
DA:350,421
DA:352,421
DA:353,1753
DA:354,8
DA:357,1745
DA:360,413
DA:364,8
DA:366,8
DA:368,19
DA:369,8
DA:372,11
DA:375,0
LF:66
LH:64
BRDA:97,0,0,14374
BRDA:97,0,1,3058
BRDA:101,1,0,129
BRDA:101,1,1,14244
BRDA:111,2,0,491
BRDA:111,2,1,1038
BRDA:111,3,0,1529
BRDA:111,3,1,1430
BRDA:111,3,2,1430
BRDA:124,4,0,199
BRDA:124,4,1,1358
BRDA:127,5,0,168
BRDA:127,5,1,31
BRDA:143,6,0,4524
BRDA:143,6,1,12019
BRDA:147,7,0,70
BRDA:147,7,1,4454
BRDA:304,8,0,15
BRDA:304,8,1,0
BRDA:353,9,0,8
BRDA:353,9,1,1745
BRDA:368,10,0,8
BRDA:368,10,1,11
BRF:23
BRH:22
end_of_record
TN:
SF:src/lib/pipeline/module/pageBuilder.ts
FN:10,buildPage
FN:36,createHtml
FN:45,(anonymous_2)
FN:71,createHead
FN:84,(anonymous_4)
FN:103,createBody
FN:110,(anonymous_6)
FNF:7
FNH:6
FNDA:8,buildPage
FNDA:8,createHtml
FNDA:0,(anonymous_2)
FNDA:8,createHead
FNDA:43,(anonymous_4)
FNDA:8,createBody
FNDA:43,(anonymous_6)
DA:1,27
DA:10,27
DA:12,8
DA:13,8
DA:14,8
DA:18,8
DA:21,8
DA:24,8
DA:27,8
DA:30,8
DA:31,8
DA:32,8
DA:33,8
DA:37,8
DA:39,8
DA:40,8
DA:42,0
DA:45,0
DA:46,0
DA:47,0
DA:52,0
DA:56,8
DA:57,8
DA:60,8
DA:64,27
DA:72,8
DA:75,8
DA:77,8
DA:80,8
DA:84,43
DA:85,8
DA:88,8
DA:89,0
DA:90,0
DA:93,8
DA:98,27
DA:104,8
DA:107,8
DA:110,43
DA:111,16
DA:114,8
LF:41
LH:34
BRDA:46,0,0,0
BRDA:46,0,1,0
BRDA:56,1,0,8
BRDA:56,1,1,0
BRDA:88,2,0,0
BRDA:88,2,1,8
BRF:6
BRH:2
end_of_record
TN:
SF:src/lib/pipeline/module/resourceParser.ts
FN:10,(anonymous_0)
FN:20,(anonymous_1)
FNF:2
FNH:2
FNDA:79,(anonymous_0)
FNDA:82,(anonymous_1)
DA:1,27
DA:7,27
DA:11,79
DA:22,82
DA:25,82
LF:5
LH:5
BRF:0
BRH:0
end_of_record
TN:
SF:src/lib/pipeline/module/standardHtmlFormatter.ts
FN:24,(anonymous_0)
FN:28,(anonymous_1)
FN:46,(anonymous_2)
FN:56,(anonymous_3)
FN:62,(anonymous_4)
FN:68,(anonymous_5)
FN:116,(anonymous_6)
FN:164,(anonymous_7)
FN:169,(anonymous_8)
FN:194,(anonymous_9)
FN:221,(anonymous_10)
FN:236,(anonymous_11)
FN:251,(anonymous_12)
FN:346,createFormatterOptions
FN:361,createStandardHtmlFormatter
FNF:15
FNH:15
FNDA:103,(anonymous_0)
FNDA:75,(anonymous_1)
FNDA:28,(anonymous_2)
FNDA:56,(anonymous_3)
FNDA:68,(anonymous_4)
FNDA:201,(anonymous_5)
FNDA:419,(anonymous_6)
FNDA:146,(anonymous_7)
FNDA:417,(anonymous_8)
FNDA:419,(anonymous_9)
FNDA:419,(anonymous_10)
FNDA:419,(anonymous_11)
FNDA:27,(anonymous_12)
FNDA:103,createFormatterOptions
FNDA:12,createStandardHtmlFormatter
DA:1,27
DA:14,27
DA:25,103
DA:30,75
DA:32,68
DA:33,56
DA:37,68
DA:38,68
DA:42,68
DA:48,28
DA:49,7
DA:53,21
DA:57,56
DA:58,4
DA:63,68
DA:64,6
DA:69,201
DA:71,201
DA:73,487
DA:74,68
DA:75,68
DA:79,419
DA:82,419
DA:85,419
DA:88,419
DA:90,419
DA:92,218
DA:95,133
DA:99,218
DA:100,218
DA:102,170
DA:105,48
DA:106,48
DA:107,48
DA:111,201
DA:118,419
DA:119,2
DA:122,417
DA:125,417
DA:128,417
DA:129,289
DA:130,64
DA:132,225
DA:136,128
DA:139,128
DA:141,4
DA:142,8
DA:146,4
DA:149,4
DA:153,128
DA:154,128
DA:155,128
DA:156,180
DA:160,128
DA:166,146
DA:171,417
DA:173,68
DA:176,68
DA:179,68
DA:180,65
DA:184,68
DA:185,65
DA:188,68
DA:190,349
DA:195,419
DA:197,419
DA:198,419
DA:200,225
DA:203,225
DA:206,225
DA:207,0
DA:211,225
DA:214,225
DA:218,419
DA:222,419
DA:224,354
DA:227,65
DA:230,65
DA:232,65
DA:237,419
DA:239,419
DA:240,579
DA:243,419
DA:251,27
DA:255,27
DA:260,27
DA:265,27
DA:304,27
DA:317,27
DA:329,27
DA:346,27
DA:347,103
DA:349,73
DA:351,30
DA:361,27
DA:362,12
DA:364,4
DA:366,2
DA:368,1
DA:370,4
DA:372,1
LF:101
LH:100
BRDA:30,0,0,68
BRDA:30,0,1,7
BRDA:32,1,0,56
BRDA:32,1,1,12
BRDA:37,2,0,68
BRDA:37,2,1,0
BRDA:48,3,0,7
BRDA:48,3,1,21
BRDA:68,4,0,68
BRDA:73,5,0,68
BRDA:73,5,1,419
BRDA:90,6,0,218
BRDA:90,6,1,201
BRDA:92,7,0,133
BRDA:92,7,1,85
BRDA:92,8,0,218
BRDA:92,8,1,200
BRDA:100,9,0,170
BRDA:100,9,1,48
BRDA:118,10,0,2
BRDA:118,10,1,417
BRDA:128,11,0,289
BRDA:128,11,1,128
BRDA:128,12,0,417
BRDA:128,12,1,146
BRDA:129,13,0,64
BRDA:129,13,1,225
BRDA:139,14,0,4
BRDA:139,14,1,124
BRDA:154,15,0,82
BRDA:154,15,1,46
BRDA:166,16,0,146
BRDA:166,16,1,64
BRDA:166,16,2,20
BRDA:171,17,0,68
BRDA:171,17,1,349
BRDA:173,18,0,48
BRDA:173,18,1,20
BRDA:179,19,0,65
BRDA:179,19,1,3
BRDA:184,20,0,65
BRDA:184,20,1,3
BRDA:198,21,0,644
BRDA:198,21,1,443
BRDA:206,22,0,0
BRDA:206,22,1,225
BRDA:222,23,0,354
BRDA:222,23,1,65
BRDA:239,24,0,998
BRDA:239,24,1,797
BRDA:251,25,0,27
BRDA:251,25,1,27
BRDA:346,26,0,103
BRDA:347,27,0,73
BRDA:347,27,1,30
BRDA:363,28,0,4
BRDA:363,28,1,2
BRDA:363,28,2,1
BRDA:363,28,3,4
BRDA:363,28,4,1
BRF:60
BRH:58
end_of_record
TN:
SF:src/lib/pipeline/module/compiler/anchorModule.ts
FN:17,(anonymous_1)
FN:31,compileAnchorNode
FN:48,resolveAnchorHref
FN:77,resolveAnchorHrefRoot
FN:92,resolveAnchorHrefLocal
FN:110,resolveAnchorHrefBase
FNF:6
FNH:6
FNDA:1530,(anonymous_1)
FNDA:6,compileAnchorNode
FNDA:11,resolveAnchorHref
FNDA:6,resolveAnchorHrefRoot
FNDA:4,resolveAnchorHrefLocal
FNDA:6,resolveAnchorHrefBase
DA:5,27
DA:10,27
DA:16,27
DA:19,1530
DA:20,1
DA:31,27
DA:33,6
DA:36,6
DA:37,6
DA:38,6
DA:48,27
DA:49,11
DA:52,3
DA:56,2
DA:59,2
DA:63,3
DA:66,1
DA:77,27
DA:79,6
DA:82,6
DA:92,27
DA:94,4
DA:97,4
DA:100,4
DA:110,27
DA:112,6
DA:115,6
DA:116,6
DA:119,6
DA:120,2
DA:124,4
DA:127,4
DA:130,4
LF:33
LH:33
BRDA:19,0,0,1
BRDA:19,0,1,1529
BRDA:51,1,0,3
BRDA:51,1,1,2
BRDA:51,1,2,2
BRDA:51,1,3,3
BRDA:51,1,4,1
BRDA:119,2,0,2
BRDA:119,2,1,4
BRF:9
BRH:9
end_of_record
TN:
SF:src/lib/pipeline/module/compiler/deduplicateModule.ts
FN:14,(anonymous_0)
FN:40,(anonymous_1)
FN:65,(anonymous_2)
FNF:3
FNH:3
FNDA:1546,(anonymous_0)
FNDA:35,(anonymous_1)
FNDA:8,(anonymous_2)
DA:2,27
DA:8,27
DA:13,27
DA:15,1546
DA:19,1546
DA:21,995
DA:23,995
DA:24,30
DA:26,965
DA:27,4
DA:43,35
DA:46,35
DA:48,19
DA:51,16
DA:52,16
DA:67,8
DA:68,7
DA:71,7
DA:73,3
DA:74,3
DA:77,4
LF:21
LH:21
BRDA:19,0,0,995
BRDA:19,0,1,551
BRDA:23,1,0,30
BRDA:23,1,1,965
BRDA:26,2,0,4
BRDA:26,2,1,961
BRDA:26,3,0,965
BRDA:26,3,1,253
BRDA:46,4,0,19
BRDA:46,4,1,16
BRDA:46,5,0,35
BRDA:46,5,1,31
BRDA:46,6,0,4
BRDA:46,6,1,31
BRDA:46,7,0,35
BRDA:46,7,1,31
BRDA:67,8,0,7
BRDA:67,8,1,1
BRDA:71,9,0,3
BRDA:71,9,1,4
BRF:20
BRH:20
end_of_record
TN:
SF:src/lib/pipeline/module/compiler/domLogicModule.ts
FN:8,(anonymous_0)
FN:20,compileConditional
FN:36,removeFollowingConditionals
FN:51,compileMFor
FN:70,evaluateMFor
FN:80,evaluateForOf
FN:102,evaluateForIn
FN:123,compileIteration
FNF:8
FNH:8
FNDA:1599,(anonymous_0)
FNDA:29,compileConditional
FNDA:13,removeFollowingConditionals
FNDA:9,compileMFor
FNDA:9,evaluateMFor
FNDA:5,evaluateForOf
FNDA:4,evaluateForIn
FNDA:11,compileIteration
DA:2,27
DA:7,27
DA:9,1599
DA:11,29
DA:13,1570
DA:15,9
DA:22,29
DA:23,13
DA:26,13
DA:29,16
DA:33,29
DA:37,13
DA:39,13
DA:41,4
DA:44,4
DA:47,4
DA:53,9
DA:56,9
DA:60,9
DA:61,11
DA:62,11
DA:66,9
DA:67,9
DA:71,9
DA:72,5
DA:73,4
DA:74,4
DA:76,0
DA:81,5
DA:84,5
DA:87,5
DA:88,4
DA:89,4
DA:90,7
DA:95,7
DA:99,5
DA:103,4
DA:106,4
DA:107,3
DA:108,3
DA:109,3
DA:110,3
DA:111,4
DA:116,4
DA:120,4
DA:125,11
DA:128,11
DA:131,11
DA:132,8
DA:136,11
DA:137,11
DA:140,11
LF:52
LH:51
BRDA:9,0,0,29
BRDA:9,0,1,1570
BRDA:9,1,0,1599
BRDA:9,1,1,1575
BRDA:9,1,2,1571
BRDA:13,2,0,9
BRDA:13,2,1,1561
BRDA:22,3,0,13
BRDA:22,3,1,16
BRDA:71,4,0,5
BRDA:71,4,1,4
BRDA:73,5,0,4
BRDA:73,5,1,0
BRDA:87,6,0,4
BRDA:87,6,1,1
BRDA:87,7,0,5
BRDA:87,7,1,4
BRDA:106,8,0,3
BRDA:106,8,1,1
BRDA:106,9,0,4
BRDA:106,9,1,3
BRDA:131,10,0,8
BRDA:131,10,1,3
BRF:23
BRH:22
end_of_record
TN:
SF:src/lib/pipeline/module/compiler/expressionModule.ts
FN:8,(anonymous_0)
FN:16,(anonymous_1)
FN:27,(anonymous_2)
FNF:3
FNH:3
FNDA:1659,(anonymous_0)
FNDA:1027,(anonymous_1)
FNDA:522,(anonymous_2)
DA:2,27
DA:7,27
DA:9,1659
DA:10,1027
DA:11,632
DA:12,522
DA:18,1027
DA:21,1027
DA:24,1027
DA:29,522
DA:32,522
DA:33,511
DA:34,511
DA:37,511
DA:39,470
DA:41,470
LF:16
LH:16
BRDA:9,0,0,1027
BRDA:9,0,1,632
BRDA:11,1,0,522
BRDA:11,1,1,110
BRDA:24,2,0,1027
BRDA:24,2,1,0
BRDA:24,3,0,1027
BRDA:24,3,1,1027
BRDA:37,4,0,470
BRDA:37,4,1,41
BRF:10
BRH:9
end_of_record
TN:
SF:src/lib/pipeline/module/compiler/fragmentModule.ts
FN:19,(anonymous_0)
FN:25,(anonymous_1)
FN:51,(anonymous_2)
FN:72,(anonymous_3)
FN:83,(anonymous_4)
FN:92,(anonymous_5)
FN:100,(anonymous_6)
FN:103,(anonymous_7)
FN:106,(anonymous_8)
FN:109,(anonymous_9)
FNF:10
FNH:10
FNDA:1499,(anonymous_0)
FNDA:43,(anonymous_1)
FNDA:46,(anonymous_2)
FNDA:87,(anonymous_3)
FNDA:89,(anonymous_4)
FNDA:89,(anonymous_5)
FNDA:47,(anonymous_6)
FNDA:30,(anonymous_7)
FNDA:30,(anonymous_8)
FNDA:30,(anonymous_9)
DA:2,27
DA:12,27
DA:13,27
DA:18,27
DA:20,1499
DA:21,43
DA:26,43
DA:29,43
DA:32,43
DA:33,43
DA:41,43
DA:44,43
DA:47,43
DA:48,43
DA:52,46
DA:55,46
DA:57,87
DA:60,87
DA:63,87
DA:66,87
DA:69,46
DA:73,87
DA:75,87
DA:76,25
DA:77,25
DA:80,87
DA:85,89
DA:86,11
DA:88,78
DA:93,89
DA:94,11
DA:96,78
DA:101,47
DA:103,30
DA:106,30
DA:111,30
DA:113,30
LF:37
LH:37
BRDA:20,0,0,43
BRDA:20,0,1,1456
BRDA:75,1,0,25
BRDA:75,1,1,62
BRDA:85,2,0,11
BRDA:85,2,1,78
BRDA:93,3,0,11
BRDA:93,3,1,78
BRF:8
BRH:8
end_of_record
TN:
SF:src/lib/pipeline/module/compiler/importModule.ts
FN:8,(anonymous_0)
FN:20,(anonymous_1)
FN:35,(anonymous_2)
FNF:3
FNH:3
FNDA:1561,(anonymous_0)
FNDA:3,(anonymous_1)
FNDA:8,(anonymous_2)
DA:2,27
DA:7,27
DA:10,1561
DA:12,3
DA:14,1558
DA:16,8
DA:22,3
DA:25,3
DA:31,3
DA:32,3
DA:37,8
DA:40,8
DA:41,8
DA:44,8
DA:45,8
DA:46,8
LF:16
LH:16
BRDA:10,0,0,3
BRDA:10,0,1,1558
BRDA:14,1,0,8
BRDA:14,1,1,1550
BRDA:14,2,0,1558
BRDA:14,2,1,421
BRDA:22,3,0,3
BRDA:22,3,1,0
BRDA:22,4,0,3
BRDA:22,4,1,3
BRF:10
BRH:9
end_of_record
TN:
SF:src/lib/pipeline/module/compiler/scriptModule.ts
FN:6,(anonymous_0)
FN:17,(anonymous_1)
FN:20,(anonymous_2)
FN:28,(anonymous_3)
FNF:4
FNH:4
FNDA:1643,(anonymous_0)
FNDA:7,(anonymous_1)
FNDA:8,(anonymous_2)
FNDA:15,(anonymous_3)
DA:2,27
DA:3,27
DA:5,27
DA:7,1643
DA:9,7
DA:11,1636
DA:13,8
DA:18,7
DA:21,8
DA:23,8
DA:24,8
DA:25,8
DA:30,15
DA:33,15
DA:36,14
DA:37,14
LF:16
LH:16
BRDA:7,0,0,7
BRDA:7,0,1,1636
BRDA:11,1,0,8
BRDA:11,1,1,1628
BRF:4
BRH:4
end_of_record
TN:
SF:src/lib/pipeline/module/compiler/slotModule.ts
FN:8,(anonymous_0)
FNF:1
FNH:1
FNDA:1628,(anonymous_0)
DA:2,27
DA:7,27
DA:10,1628
DA:12,29
DA:14,29
DA:16,19
DA:19,10
DA:23,29
LF:8
LH:8
BRDA:10,0,0,29
BRDA:10,0,1,1599
BRDA:12,1,0,10
BRDA:12,1,1,19
BRDA:12,2,0,29
BRDA:12,2,1,29
BRDA:14,3,0,19
BRDA:14,3,1,10
BRF:8
BRH:8
end_of_record
TN:
SF:src/lib/pipeline/module/compiler/styleModule.ts
FN:15,(anonymous_0)
FN:31,(anonymous_1)
FN:44,(anonymous_2)
FN:59,(anonymous_3)
FNF:4
FNH:3
FNDA:1550,(anonymous_0)
FNDA:5,(anonymous_1)
FNDA:5,(anonymous_2)
FNDA:0,(anonymous_3)
DA:2,27
DA:12,27
DA:14,27
DA:16,1550
DA:18,1550
DA:20,2
DA:21,2
DA:23,1548
DA:25,3
DA:26,3
DA:27,3
DA:32,5
DA:34,5
DA:35,5
DA:37,0
DA:38,0
DA:40,0
DA:46,5
DA:48,5
DA:51,5
DA:52,5
DA:55,5
DA:56,5
DA:60,0
DA:63,0
DA:66,0
DA:67,0
DA:68,0
DA:71,0
DA:72,0
LF:30
LH:20
BRDA:18,0,0,2
BRDA:18,0,1,1548
BRDA:23,1,0,3
BRDA:23,1,1,1545
BRDA:33,2,0,5
BRDA:33,2,1,0
BRDA:33,2,2,0
BRF:7
BRH:5
end_of_record
TN:
SF:src/lib/pipeline/module/compiler/varModule.ts
FN:20,(anonymous_0)
FN:47,(anonymous_1)
FN:56,(anonymous_2)
FN:67,(anonymous_3)
FN:85,(anonymous_4)
FN:108,(anonymous_5)
FN:131,(anonymous_6)
FNF:7
FNH:7
FNDA:1671,(anonymous_0)
FNDA:1530,(anonymous_1)
FNDA:91,(anonymous_2)
FNDA:5,(anonymous_3)
FNDA:5,(anonymous_4)
FNDA:96,(anonymous_5)
FNDA:88,(anonymous_6)
DA:2,27
DA:13,27
DA:14,27
DA:19,27
DA:21,1671
DA:23,100
DA:25,1571
DA:27,18
DA:30,18
DA:31,18
DA:33,1553
DA:35,30
DA:37,1523
DA:39,5
DA:41,1518
DA:43,43
DA:49,1530
DA:51,29
DA:52,29
DA:58,91
DA:61,91
DA:63,80
DA:69,5
DA:72,5
DA:74,5
DA:77,5
DA:81,5
DA:82,5
DA:86,5
DA:89,5
DA:92,5
DA:95,5
DA:98,4
DA:101,1
DA:104,0
DA:110,96
DA:111,73
DA:115,23
DA:116,23
DA:120,0
DA:133,88
DA:136,88
LF:42
LH:40
BRDA:21,0,0,100
BRDA:21,0,1,1571
BRDA:25,1,0,18
BRDA:25,1,1,1553
BRDA:33,2,0,30
BRDA:33,2,1,1523
BRDA:37,3,0,5
BRDA:37,3,1,1518
BRDA:41,4,0,43
BRDA:41,4,1,1475
BRDA:49,5,0,29
BRDA:49,5,1,1501
BRDA:96,6,0,4
BRDA:96,6,1,1
BRDA:96,6,2,0
BRDA:110,7,0,73
BRDA:110,7,1,23
BRDA:115,8,0,23
BRDA:115,8,1,0
BRF:19
BRH:17
end_of_record
TN:
SF:src/lib/pipeline/module/compiler/whitespaceModule.ts
FN:20,(anonymous_0)
FN:40,applyWhitespaceSettings
FNF:2
FNH:2
FNDA:1505,(anonymous_0)
FNDA:9,applyWhitespaceSettings
DA:5,27
DA:13,27
DA:19,27
DA:22,1505
DA:25,6
DA:26,6
DA:29,6
DA:42,9
DA:47,16
DA:50,15
DA:53,15
DA:54,12
DA:58,15
DA:59,3
LF:14
LH:14
BRDA:22,0,0,6
BRDA:22,0,1,1499
BRDA:47,1,0,15
BRDA:47,1,1,1
BRDA:53,2,0,12
BRDA:53,2,1,3
BRDA:58,3,0,3
BRDA:58,3,1,12
BRF:8
BRH:8
end_of_record
TN:
SF:src/lib/util/caseUtils.ts
FN:8,convertSnakeCaseToCamelCase
FN:11,(anonymous_1)
FN:22,convertCamelCaseToSnakeCase
FN:25,(anonymous_3)
FNF:4
FNH:4
FNDA:133,convertSnakeCaseToCamelCase
FNDA:35,(anonymous_1)
FNDA:12,convertCamelCaseToSnakeCase
FNDA:12,(anonymous_3)
DA:8,29
DA:11,133
DA:22,29
DA:23,12
DA:25,12
LF:5
LH:5
BRF:0
BRH:0
end_of_record
