TN:
SF:src/bin/args.ts
FN:42,parseArgs
FN:67,parsePages
FN:69,(anonymous_2)
FN:87,parseOptions
FN:124,extractOptions
FN:126,(anonymous_5)
FN:127,(anonymous_6)
FNF:7
FNH:7
FNDA:9,parseArgs
FNDA:11,parsePages
FNDA:30,(anonymous_2)
FNDA:20,parseOptions
FNDA:30,extractOptions
FNDA:53,(anonymous_5)
FNDA:42,(anonymous_6)
DA:42,2
DA:44,9
DA:50,9
DA:51,2
DA:54,7
DA:55,7
DA:58,9
DA:67,2
DA:69,30
DA:71,11
DA:72,6
DA:87,2
DA:89,20
DA:92,20
DA:93,28
DA:95,4
DA:96,4
DA:98,8
DA:99,7
DA:100,7
DA:102,7
DA:103,6
DA:104,6
DA:106,8
DA:107,7
DA:108,7
DA:110,0
DA:111,0
DA:113,1
DA:124,2
DA:125,30
DA:126,53
DA:128,42
DA:129,42
LF:34
LH:32
BRDA:50,0,0,2
BRDA:50,0,1,7
BRDA:71,1,0,6
BRDA:71,1,1,5
BRDA:94,2,0,4
BRDA:94,2,1,8
BRDA:94,2,2,7
BRDA:94,2,3,8
BRDA:94,2,4,0
BRDA:94,2,5,1
BRDA:98,3,0,1
BRDA:98,3,1,7
BRDA:102,4,0,1
BRDA:102,4,1,6
BRDA:106,5,0,1
BRDA:106,5,1,7
BRDA:132,6,0,28
BRDA:132,6,1,14
BRF:18
BRH:17
end_of_record
TN:
SF:src/bin/cli.ts
FN:11,cliMain
FN:28,makeCliEngine
FN:36,runApp
FN:44,printHelp
FNF:4
FNH:4
FNDA:4,cliMain
FNDA:3,makeCliEngine
FNDA:3,runApp
FNDA:3,printHelp
DA:1,1
DA:5,1
DA:8,1
DA:9,1
DA:11,1
DA:12,4
DA:13,4
DA:14,4
DA:17,4
DA:19,4
DA:20,2
DA:21,2
DA:22,1
DA:24,1
DA:29,3
DA:30,1
DA:32,2
DA:36,1
DA:38,3
DA:41,3
DA:44,1
DA:45,3
LF:22
LH:22
BRDA:19,0,0,2
BRDA:19,0,1,2
BRDA:21,1,0,1
BRDA:21,1,1,1
BRDA:29,2,0,1
BRDA:29,2,1,2
BRF:6
BRH:6
end_of_record
TN:
SF:src/bin/cliEngine.ts
FN:12,(anonymous_0)
FN:18,(anonymous_1)
FN:37,(anonymous_2)
FN:42,(anonymous_3)
FNF:4
FNH:4
FNDA:3,(anonymous_0)
FNDA:3,(anonymous_1)
FNDA:2,(anonymous_2)
FNDA:4,(anonymous_3)
DA:2,1
DA:4,1
DA:6,1
DA:13,3
DA:14,3
DA:15,3
DA:20,3
DA:21,3
DA:24,3
DA:25,3
DA:26,3
DA:27,3
DA:30,3
DA:33,3
DA:34,3
DA:38,2
DA:42,4
LF:17
LH:17
BRDA:20,0,0,3
BRDA:20,0,1,0
BRDA:24,1,0,3
BRDA:24,1,1,0
BRDA:25,2,0,3
BRDA:25,2,1,0
BRF:6
BRH:3
end_of_record
TN:
SF:src/bin/cliFs.ts
FN:35,readPackageJson
FN:57,expandPagePaths
FN:67,expandPagePath
FNF:3
FNH:3
FNDA:5,readPackageJson
FNDA:4,expandPagePaths
FNDA:9,expandPagePath
DA:1,2
DA:3,2
DA:35,2
DA:36,5
DA:37,5
DA:38,5
DA:39,10
DA:43,5
DA:44,5
DA:57,2
DA:58,4
DA:60,4
DA:61,5
DA:64,4
DA:68,9
DA:71,9
DA:72,2
DA:73,4
DA:76,4
DA:81,9
DA:83,7
DA:84,7
LF:22
LH:22
BRDA:36,0,0,5
BRDA:36,0,1,0
BRDA:71,1,0,2
BRDA:71,1,1,7
BRDA:81,2,0,7
BRDA:81,2,1,2
BRDA:81,3,0,9
BRDA:81,3,1,7
BRF:8
BRH:7
end_of_record
TN:
SF:src/bin/index.ts
FNF:0
FNH:0
LF:0
LH:0
BRF:0
BRH:0
end_of_record
TN:
SF:src/bin/main.ts
FN:5,main
FN:9,(anonymous_1)
FNF:2
FNH:0
FNDA:0,main
FNDA:0,(anonymous_1)
DA:3,0
DA:6,0
DA:9,0
LF:3
LH:0
BRF:0
BRH:0
end_of_record
TN:
SF:src/bin/watch/FSWatcherUtils.ts
FN:6,createReadyFSWatcher
FN:17,(anonymous_1)
FN:31,(anonymous_2)
FN:33,(anonymous_3)
FN:51,watchPaths
FN:59,getAllWatched
FN:66,clearAllWatched
FN:76,setWatched
FN:84,onAny
FN:86,(anonymous_9)
FNF:10
FNH:10
FNDA:1,createReadyFSWatcher
FNDA:2,(anonymous_1)
FNDA:1,(anonymous_2)
FNDA:1,(anonymous_3)
FNDA:2,watchPaths
FNDA:2,getAllWatched
FNDA:2,clearAllWatched
FNDA:2,setWatched
FNDA:1,onAny
FNDA:1,(anonymous_9)
DA:1,1
DA:6,1
DA:8,1
DA:12,1
DA:13,1
DA:17,1
DA:18,2
DA:20,1
DA:28,1
DA:31,1
DA:33,1
DA:34,1
DA:35,1
DA:39,1
DA:43,1
DA:46,1
DA:51,1
DA:53,2
DA:56,2
DA:59,1
DA:60,2
DA:61,2
DA:62,2
DA:63,2
DA:66,1
DA:68,2
DA:71,2
DA:76,1
DA:77,2
DA:79,2
DA:80,2
DA:84,1
DA:85,1
DA:86,3
LF:34
LH:34
BRDA:18,0,0,1
BRDA:18,0,1,1
BRF:2
BRH:2
end_of_record
TN:
SF:src/bin/watch/dependencyTracker.ts
FN:6,(anonymous_0)
FN:23,(anonymous_1)
FN:32,(anonymous_2)
FN:40,(anonymous_3)
FN:57,(anonymous_4)
FN:81,(anonymous_5)
FN:86,getDependencySet
FNF:7
FNH:7
FNDA:7,(anonymous_0)
FNDA:22,(anonymous_1)
FNDA:38,(anonymous_2)
FNDA:3,(anonymous_3)
FNDA:15,(anonymous_4)
FNDA:3,(anonymous_5)
FNDA:60,getDependencySet
DA:6,2
DA:11,7
DA:16,7
DA:24,22
DA:33,38
DA:41,3
DA:42,3
DA:43,4
DA:45,3
DA:46,7
DA:48,3
DA:59,15
DA:62,15
DA:63,5
DA:67,15
DA:70,15
DA:71,22
DA:72,22
DA:82,3
DA:87,60
DA:88,60
DA:89,27
DA:90,27
DA:92,60
LF:24
LH:24
BRDA:88,0,0,27
BRDA:88,0,1,33
BRF:2
BRH:2
end_of_record
TN:
SF:src/bin/watch/trackers.ts
FN:20,(anonymous_0)
FN:25,(anonymous_1)
FN:28,(anonymous_2)
FN:32,(anonymous_3)
FN:36,(anonymous_4)
FN:42,(anonymous_5)
FN:46,(anonymous_6)
FN:50,(anonymous_7)
FN:54,(anonymous_8)
FN:58,(anonymous_9)
FN:62,(anonymous_10)
FN:76,(anonymous_11)
FN:81,(anonymous_12)
FN:85,(anonymous_13)
FN:91,(anonymous_14)
FN:95,(anonymous_15)
FN:99,(anonymous_16)
FNF:17
FNH:9
FNDA:1,(anonymous_0)
FNDA:0,(anonymous_1)
FNDA:0,(anonymous_2)
FNDA:0,(anonymous_3)
FNDA:3,(anonymous_4)
FNDA:2,(anonymous_5)
FNDA:0,(anonymous_6)
FNDA:0,(anonymous_7)
FNDA:1,(anonymous_8)
FNDA:0,(anonymous_9)
FNDA:4,(anonymous_10)
FNDA:1,(anonymous_11)
FNDA:0,(anonymous_12)
FNDA:0,(anonymous_13)
FNDA:3,(anonymous_14)
FNDA:1,(anonymous_15)
FNDA:3,(anonymous_16)
DA:16,1
DA:21,1
DA:22,1
DA:26,0
DA:29,0
DA:33,0
DA:37,3
DA:39,3
DA:43,2
DA:47,0
DA:51,0
DA:55,1
DA:59,0
DA:63,4
DA:72,1
DA:77,1
DA:78,1
DA:82,0
DA:86,0
DA:88,0
DA:92,3
DA:96,1
DA:100,3
LF:23
LH:14
BRF:0
BRH:0
end_of_record
TN:
SF:src/bin/watch/watchingCliEngine.ts
FN:16,(anonymous_0)
FN:21,(anonymous_1)
FN:30,(anonymous_2)
FN:35,(anonymous_3)
FN:51,(anonymous_4)
FN:68,(anonymous_5)
FN:78,(anonymous_6)
FN:84,(anonymous_7)
FN:99,(anonymous_8)
FN:123,(anonymous_9)
FN:151,(anonymous_10)
FN:154,(anonymous_11)
FNF:12
FNH:12
FNDA:1,(anonymous_0)
FNDA:1,(anonymous_1)
FNDA:1,(anonymous_2)
FNDA:3,(anonymous_3)
FNDA:2,(anonymous_4)
FNDA:1,(anonymous_5)
FNDA:1,(anonymous_6)
FNDA:1,(anonymous_7)
FNDA:1,(anonymous_8)
FNDA:1,(anonymous_9)
FNDA:2,(anonymous_10)
FNDA:4,(anonymous_11)
DA:1,1
DA:2,1
DA:3,1
DA:4,1
DA:5,1
DA:10,1
DA:16,1
DA:17,1
DA:18,1
DA:19,1
DA:23,1
DA:26,1
DA:27,1
DA:32,1
DA:35,1
DA:36,3
DA:40,1
DA:41,1
DA:42,1
DA:43,1
DA:46,1
DA:53,2
DA:56,2
DA:58,2
DA:63,1
DA:65,1
DA:70,1
DA:78,1
DA:81,1
DA:84,1
DA:86,1
DA:88,1
DA:91,1
DA:96,1
DA:100,1
DA:101,1
DA:102,1
DA:105,1
DA:106,1
DA:109,1
DA:112,1
DA:114,0
DA:117,1
DA:118,1
DA:125,1
DA:128,1
DA:130,1
DA:133,1
DA:134,1
DA:138,1
DA:139,1
DA:140,1
DA:144,1
DA:148,1
DA:153,2
DA:154,4
DA:158,2
LF:57
LH:56
BRDA:40,0,0,1
BRDA:40,0,1,0
BRDA:41,1,0,1
BRDA:41,1,1,0
BRDA:86,2,0,1
BRDA:86,2,1,0
BRDA:100,3,0,1
BRDA:100,3,1,0
BRDA:133,4,0,1
BRDA:133,4,1,0
BRF:10
BRH:5
end_of_record
TN:
SF:src/lib/index.ts
FNF:0
FNH:0
LF:0
LH:0
BRF:0
BRH:0
end_of_record
TN:
SF:src/lib/api/mooltipage.ts
FN:50,(anonymous_0)
FN:74,(anonymous_1)
FN:88,(anonymous_2)
FN:98,(anonymous_3)
FN:113,createPipeline
FN:124,createPipelineIO
FNF:6
FNH:6
FNDA:3,(anonymous_0)
FNDA:8,(anonymous_1)
FNDA:5,(anonymous_2)
FNDA:9,(anonymous_3)
FNDA:8,createPipeline
FNDA:8,createPipelineIO
DA:1,26
DA:3,26
DA:50,26
DA:51,3
DA:57,26
DA:75,8
DA:76,6
DA:78,2
DA:81,8
DA:89,5
DA:90,8
DA:100,9
DA:103,9
DA:104,6
DA:115,8
DA:118,8
DA:121,8
DA:125,8
DA:126,1
DA:129,7
DA:130,7
DA:131,7
LF:22
LH:22
BRDA:75,0,0,6
BRDA:75,0,1,2
BRDA:103,1,0,6
BRDA:103,1,1,3
BRDA:125,2,0,1
BRDA:125,2,1,7
BRDA:129,3,0,7
BRDA:129,3,1,2
BRDA:130,4,0,7
BRDA:130,4,1,2
BRF:10
BRH:10
end_of_record
TN:
SF:src/lib/api/pipeline.ts
FN:160,(anonymous_0)
FN:203,getResourceTypeExtension
FNF:2
FNH:2
FNDA:26,(anonymous_0)
FNDA:31,getResourceTypeExtension
DA:160,26
DA:164,26
DA:169,26
DA:174,26
DA:179,26
DA:184,26
DA:189,26
DA:194,26
DA:203,26
DA:204,31
DA:205,4
DA:206,6
DA:207,0
DA:208,0
DA:209,6
DA:210,4
DA:211,7
DA:212,4
LF:18
LH:16
BRDA:160,0,0,26
BRDA:160,0,1,26
BRDA:205,1,0,4
BRDA:205,1,1,6
BRDA:205,1,2,0
BRDA:205,1,3,0
BRDA:205,1,4,6
BRDA:205,1,5,4
BRDA:205,1,6,7
BRDA:205,1,7,4
BRF:10
BRH:8
end_of_record
TN:
SF:src/lib/dom/domParser.ts
FN:60,(anonymous_0)
FN:76,(anonymous_1)
FN:94,createParserOptions
FN:128,(anonymous_3)
FN:137,(anonymous_4)
FN:141,(anonymous_5)
FN:146,(anonymous_6)
FN:150,(anonymous_7)
FN:168,(anonymous_8)
FN:172,(anonymous_9)
FN:180,(anonymous_10)
FN:188,(anonymous_11)
FN:199,(anonymous_12)
FN:203,(anonymous_13)
FN:215,(anonymous_14)
FN:226,(anonymous_15)
FN:240,(anonymous_16)
FN:277,(anonymous_17)
FN:283,(anonymous_18)
FN:298,(anonymous_19)
FN:319,(anonymous_20)
FN:325,(anonymous_21)
FN:331,(anonymous_22)
FN:348,(anonymous_23)
FN:355,(anonymous_24)
FN:380,(anonymous_25)
FN:395,(anonymous_26)
FN:408,(anonymous_27)
FN:288,(anonymous_28)
FN:293,(anonymous_29)
FNF:30
FNH:30
FNDA:115,(anonymous_0)
FNDA:120,(anonymous_1)
FNDA:115,createParserOptions
FNDA:118,(anonymous_3)
FNDA:122,(anonymous_4)
FNDA:121,(anonymous_5)
FNDA:1,(anonymous_6)
FNDA:426,(anonymous_7)
FNDA:424,(anonymous_8)
FNDA:577,(anonymous_9)
FNDA:17,(anonymous_10)
FNDA:11,(anonymous_11)
FNDA:11,(anonymous_12)
FNDA:20,(anonymous_13)
FNDA:437,(anonymous_14)
FNDA:435,(anonymous_15)
FNDA:426,(anonymous_16)
FNDA:36,(anonymous_17)
FNDA:19,(anonymous_18)
FNDA:8,(anonymous_19)
FNDA:22,(anonymous_20)
FNDA:5,(anonymous_21)
FNDA:9,(anonymous_22)
FNDA:1,(anonymous_23)
FNDA:25,(anonymous_24)
FNDA:15,(anonymous_25)
FNDA:1,(anonymous_26)
FNDA:6,(anonymous_27)
FNDA:11,(anonymous_28)
FNDA:8,(anonymous_29)
DA:1,26
DA:2,26
DA:39,26
DA:40,26
DA:45,26
DA:62,115
DA:65,115
DA:68,115
DA:78,120
DA:81,120
DA:82,120
DA:85,120
DA:96,115
DA:102,115
DA:103,22
DA:106,115
DA:112,26
DA:129,118
DA:130,118
DA:138,122
DA:142,121
DA:143,121
DA:147,1
DA:152,426
DA:155,426
DA:156,426
DA:157,314
DA:158,314
DA:159,314
DA:163,426
DA:165,426
DA:169,424
DA:174,577
DA:177,577
DA:182,17
DA:185,17
DA:190,11
DA:193,11
DA:196,11
DA:200,11
DA:205,20
DA:208,20
DA:217,437
DA:220,437
DA:227,435
DA:228,0
DA:231,435
DA:241,426
DA:243,36
DA:245,11
DA:247,8
DA:249,15
DA:251,16
DA:253,8
DA:255,22
DA:257,5
DA:259,4
DA:261,9
DA:263,1
DA:265,25
DA:267,15
DA:269,1
DA:271,6
DA:273,244
DA:278,36
DA:279,36
DA:280,36
DA:284,19
DA:285,19
DA:288,26
DA:289,11
DA:290,11
DA:293,26
DA:294,8
DA:295,8
DA:299,8
DA:300,8
DA:303,8
DA:304,8
DA:306,5
DA:307,5
DA:308,0
DA:310,5
DA:313,5
DA:316,8
DA:320,22
DA:321,22
DA:322,22
DA:326,5
DA:327,5
DA:328,5
DA:332,9
DA:333,9
DA:335,9
DA:336,9
DA:337,9
DA:339,9
DA:340,5
DA:341,4
DA:342,4
DA:344,0
DA:349,1
DA:350,1
DA:351,1
DA:352,1
DA:357,25
DA:360,25
DA:361,18
DA:365,7
DA:366,7
DA:367,0
DA:370,7
DA:372,7
DA:373,7
DA:374,3
DA:376,4
DA:382,15
DA:383,2
DA:387,13
DA:388,13
DA:389,8
DA:391,5
DA:397,1
DA:398,0
DA:401,1
DA:402,1
DA:403,1
DA:405,1
DA:410,6
DA:411,6
DA:412,0
DA:415,6
LF:132
LH:126
BRDA:102,0,0,22
BRDA:102,0,1,93
BRDA:158,1,0,288
BRDA:158,1,1,26
BRDA:227,2,0,0
BRDA:227,2,1,435
BRDA:231,3,0,435
BRDA:231,3,1,0
BRDA:242,4,0,36
BRDA:242,4,1,11
BRDA:242,4,2,8
BRDA:242,4,3,15
BRDA:242,4,4,16
BRDA:242,4,5,8
BRDA:242,4,6,22
BRDA:242,4,7,5
BRDA:242,4,8,4
BRDA:242,4,9,9
BRDA:242,4,10,1
BRDA:242,4,11,25
BRDA:242,4,12,15
BRDA:242,4,13,1
BRDA:242,4,14,6
BRDA:242,4,15,244
BRDA:279,5,0,0
BRDA:279,5,1,36
BRDA:279,6,0,36
BRDA:279,6,1,36
BRDA:285,7,0,8
BRDA:285,7,1,11
BRDA:300,8,0,0
BRDA:300,8,1,8
BRDA:300,9,0,8
BRDA:300,9,1,8
BRDA:304,10,0,5
BRDA:304,10,1,3
BRDA:304,11,0,8
BRDA:304,11,1,3
BRDA:307,12,0,0
BRDA:307,12,1,5
BRDA:321,13,0,0
BRDA:321,13,1,22
BRDA:327,14,0,0
BRDA:327,14,1,5
BRDA:333,15,0,0
BRDA:333,15,1,9
BRDA:333,16,0,9
BRDA:333,16,1,9
BRDA:335,17,0,9
BRDA:335,17,1,5
BRDA:336,18,0,9
BRDA:336,18,1,4
BRDA:337,19,0,9
BRDA:337,19,1,5
BRDA:339,20,0,5
BRDA:339,20,1,4
BRDA:339,21,0,9
BRDA:339,21,1,5
BRDA:341,22,0,4
BRDA:341,22,1,0
BRDA:341,23,0,4
BRDA:341,23,1,4
BRDA:350,24,0,0
BRDA:350,24,1,1
BRDA:351,25,0,0
BRDA:351,25,1,1
BRDA:351,26,0,1
BRDA:351,26,1,0
BRDA:357,27,0,25
BRDA:357,27,1,23
BRDA:360,28,0,18
BRDA:360,28,1,7
BRDA:365,29,0,7
BRDA:365,29,1,5
BRDA:366,30,0,0
BRDA:366,30,1,7
BRDA:366,31,0,7
BRDA:366,31,1,2
BRDA:366,31,2,0
BRDA:373,32,0,3
BRDA:373,32,1,4
BRDA:382,33,0,2
BRDA:382,33,1,13
BRDA:388,34,0,8
BRDA:388,34,1,5
BRDA:397,35,0,0
BRDA:397,35,1,1
BRDA:402,36,0,0
BRDA:402,36,1,1
BRDA:402,37,0,1
BRDA:402,37,1,1
BRDA:403,38,0,1
BRDA:403,38,1,0
BRDA:410,39,0,6
BRDA:410,39,1,4
BRDA:411,40,0,0
BRDA:411,40,1,6
BRDA:411,41,0,6
BRDA:411,41,1,2
BRDA:411,41,2,2
BRF:100
BRH:82
end_of_record
TN:
SF:src/lib/dom/node.ts
FN:7,(anonymous_6)
FN:88,(anonymous_7)
FN:46,(anonymous_8)
FN:53,(anonymous_9)
FN:60,(anonymous_10)
FN:67,(anonymous_11)
FN:96,(anonymous_12)
FN:104,(anonymous_13)
FN:111,(anonymous_14)
FN:119,(anonymous_15)
FN:137,(anonymous_16)
FN:150,(anonymous_17)
FN:158,(anonymous_18)
FN:168,(anonymous_19)
FN:175,(anonymous_20)
FN:182,(anonymous_21)
FN:189,(anonymous_22)
FN:196,(anonymous_23)
FN:203,(anonymous_24)
FN:211,(anonymous_25)
FN:219,(anonymous_26)
FN:227,(anonymous_27)
FN:234,(anonymous_28)
FN:242,(anonymous_29)
FN:250,(anonymous_30)
FN:261,(anonymous_31)
FN:272,(anonymous_32)
FN:283,(anonymous_33)
FN:294,(anonymous_34)
FN:312,(anonymous_35)
FN:313,(anonymous_36)
FN:329,(anonymous_37)
FN:330,(anonymous_38)
FN:355,(anonymous_39)
FN:356,(anonymous_40)
FN:381,(anonymous_41)
FN:382,(anonymous_42)
FN:389,(anonymous_43)
FN:399,(anonymous_44)
FN:411,(anonymous_45)
FN:463,(anonymous_46)
FN:434,(anonymous_47)
FN:437,(anonymous_48)
FN:446,(anonymous_49)
FN:453,(anonymous_50)
FN:473,(anonymous_51)
FN:498,(anonymous_52)
FN:509,(anonymous_53)
FN:518,(anonymous_54)
FN:527,(anonymous_55)
FN:540,(anonymous_56)
FN:556,(anonymous_57)
FN:574,(anonymous_58)
FN:587,(anonymous_59)
FN:596,(anonymous_60)
FN:605,(anonymous_61)
FN:618,(anonymous_62)
FN:629,(anonymous_63)
FN:642,(anonymous_64)
FN:650,(anonymous_65)
FN:659,(anonymous_66)
FN:663,(anonymous_67)
FN:671,(anonymous_68)
FN:685,(anonymous_69)
FN:689,(anonymous_70)
FN:697,(anonymous_71)
FN:711,(anonymous_72)
FN:715,(anonymous_73)
FN:723,(anonymous_74)
FN:732,(anonymous_75)
FN:736,(anonymous_76)
FN:744,(anonymous_77)
FN:768,(anonymous_78)
FN:774,(anonymous_79)
FN:782,(anonymous_80)
FN:793,(anonymous_81)
FN:802,(anonymous_82)
FN:806,(anonymous_83)
FN:814,(anonymous_84)
FN:830,(anonymous_85)
FN:839,(anonymous_86)
FN:840,(anonymous_87)
FN:846,(anonymous_88)
FN:849,(anonymous_89)
FN:853,(anonymous_90)
FN:861,(anonymous_91)
FN:877,(anonymous_92)
FN:887,(anonymous_93)
FN:890,(anonymous_94)
FN:909,(anonymous_95)
FN:913,(anonymous_96)
FN:921,(anonymous_97)
FN:936,(anonymous_98)
FN:940,(anonymous_99)
FN:948,(anonymous_100)
FN:963,(anonymous_101)
FN:967,(anonymous_102)
FN:975,(anonymous_103)
FN:990,(anonymous_104)
FN:994,(anonymous_105)
FN:1002,(anonymous_106)
FN:1021,(anonymous_107)
FN:1031,(anonymous_108)
FN:1034,(anonymous_109)
FN:1041,(anonymous_110)
FN:1044,(anonymous_111)
FN:1049,(anonymous_112)
FN:1057,(anonymous_113)
FN:1073,(anonymous_114)
FN:1084,(anonymous_115)
FN:1087,(anonymous_116)
FN:1095,(anonymous_117)
FN:1122,(anonymous_118)
FN:1126,(anonymous_119)
FN:1130,(anonymous_120)
FN:1139,(anonymous_121)
FN:1147,(anonymous_122)
FN:1164,(anonymous_123)
FN:1168,(anonymous_124)
FN:1177,(anonymous_125)
FN:1187,(anonymous_126)
FN:1195,(anonymous_127)
FN:1210,(anonymous_128)
FN:1214,(anonymous_129)
FN:1223,(anonymous_130)
FN:1227,(anonymous_131)
FN:1235,(anonymous_132)
FN:1262,(anonymous_133)
FN:1282,(anonymous_134)
FN:1285,(anonymous_135)
FN:1292,(anonymous_136)
FN:1295,(anonymous_137)
FN:1302,(anonymous_138)
FN:1305,(anonymous_139)
FN:1317,(anonymous_140)
FN:1335,(anonymous_141)
FN:1339,(anonymous_142)
FN:1347,(anonymous_143)
FN:1365,(anonymous_144)
FN:1369,(anonymous_145)
FN:1377,(anonymous_146)
FN:1409,(anonymous_147)
FN:1418,(anonymous_148)
FN:1421,(anonymous_149)
FN:1429,(anonymous_150)
FN:1432,(anonymous_151)
FN:1435,(anonymous_152)
FN:1443,(anonymous_153)
FN:1451,(anonymous_154)
FN:1461,(anonymous_155)
FN:1471,(anonymous_156)
FN:1478,(anonymous_157)
FN:1481,(anonymous_158)
FN:1489,(anonymous_159)
FN:1498,(anonymous_160)
FN:1502,(anonymous_161)
FN:1510,(anonymous_162)
FN:1519,(anonymous_163)
FN:1540,(anonymous_164)
FN:1551,(anonymous_165)
FN:1554,(anonymous_166)
FN:1558,(anonymous_167)
FN:1561,(anonymous_168)
FN:1569,(anonymous_169)
FN:1578,(anonymous_170)
FN:1587,(anonymous_171)
FN:1596,(anonymous_172)
FN:1604,(anonymous_173)
FN:1613,(anonymous_174)
FN:1622,(anonymous_175)
FN:1625,(anonymous_176)
FN:1629,(anonymous_177)
FN:1637,(anonymous_178)
FN:1647,(anonymous_179)
FN:1656,(anonymous_180)
FN:1664,(anonymous_181)
FN:1673,(anonymous_182)
FN:1677,(anonymous_183)
FN:1685,(anonymous_184)
FN:1699,(anonymous_185)
FN:1709,(anonymous_186)
FN:1718,(anonymous_187)
FN:1727,(anonymous_188)
FN:1736,(anonymous_189)
FN:1744,(anonymous_190)
FN:1753,(anonymous_191)
FN:1762,(anonymous_192)
FN:1765,(anonymous_193)
FN:1769,(anonymous_194)
FN:1777,(anonymous_195)
FN:1786,(anonymous_196)
FN:1796,(anonymous_197)
FN:1804,(anonymous_198)
FN:1813,(anonymous_199)
FN:1817,(anonymous_200)
FN:1825,(anonymous_201)
FN:1834,(anonymous_202)
FN:1865,parseAnchorNodeResolve
FN:1893,(anonymous_204)
FN:1903,(anonymous_205)
FN:1906,(anonymous_206)
FN:1914,(anonymous_207)
FN:1924,(anonymous_208)
FN:1926,(anonymous_209)
FN:1940,(anonymous_210)
FN:1948,(anonymous_211)
FN:1956,(anonymous_212)
FN:1978,(anonymous_213)
FN:1987,(anonymous_214)
FN:1999,(anonymous_215)
FN:2003,(anonymous_216)
FN:2011,(anonymous_217)
FNF:212
FNH:189
FNDA:26,(anonymous_6)
FNDA:3203,(anonymous_7)
FNDA:0,(anonymous_8)
FNDA:13,(anonymous_9)
FNDA:0,(anonymous_10)
FNDA:0,(anonymous_11)
FNDA:548,(anonymous_12)
FNDA:74,(anonymous_13)
FNDA:568,(anonymous_14)
FNDA:82,(anonymous_15)
FNDA:78,(anonymous_16)
FNDA:5,(anonymous_17)
FNDA:1706,(anonymous_18)
FNDA:1005,(anonymous_19)
FNDA:5971,(anonymous_20)
FNDA:0,(anonymous_21)
FNDA:0,(anonymous_22)
FNDA:50,(anonymous_23)
FNDA:0,(anonymous_24)
FNDA:0,(anonymous_25)
FNDA:1126,(anonymous_26)
FNDA:0,(anonymous_27)
FNDA:10,(anonymous_28)
FNDA:171,(anonymous_29)
FNDA:0,(anonymous_30)
FNDA:9,(anonymous_31)
FNDA:138,(anonymous_32)
FNDA:18,(anonymous_33)
FNDA:40,(anonymous_34)
FNDA:0,(anonymous_35)
FNDA:0,(anonymous_36)
FNDA:138,(anonymous_37)
FNDA:1566,(anonymous_38)
FNDA:18,(anonymous_39)
FNDA:23,(anonymous_40)
FNDA:20,(anonymous_41)
FNDA:68,(anonymous_42)
FNDA:9,(anonymous_43)
FNDA:179,(anonymous_44)
FNDA:3924,(anonymous_45)
FNDA:1464,(anonymous_46)
FNDA:2752,(anonymous_47)
FNDA:3118,(anonymous_48)
FNDA:72,(anonymous_49)
FNDA:453,(anonymous_50)
FNDA:39,(anonymous_51)
FNDA:1221,(anonymous_52)
FNDA:643,(anonymous_53)
FNDA:13,(anonymous_54)
FNDA:421,(anonymous_55)
FNDA:355,(anonymous_56)
FNDA:351,(anonymous_57)
FNDA:78,(anonymous_58)
FNDA:532,(anonymous_59)
FNDA:435,(anonymous_60)
FNDA:79,(anonymous_61)
FNDA:1033,(anonymous_62)
FNDA:175,(anonymous_63)
FNDA:47,(anonymous_64)
FNDA:187,(anonymous_65)
FNDA:1379,(anonymous_66)
FNDA:225,(anonymous_67)
FNDA:35060,(anonymous_68)
FNDA:1441,(anonymous_69)
FNDA:697,(anonymous_70)
FNDA:3814,(anonymous_71)
FNDA:23,(anonymous_72)
FNDA:3,(anonymous_73)
FNDA:136,(anonymous_74)
FNDA:12,(anonymous_75)
FNDA:0,(anonymous_76)
FNDA:47,(anonymous_77)
FNDA:33,(anonymous_78)
FNDA:10,(anonymous_79)
FNDA:43,(anonymous_80)
FNDA:473,(anonymous_81)
FNDA:104,(anonymous_82)
FNDA:133,(anonymous_83)
FNDA:7734,(anonymous_84)
FNDA:92,(anonymous_85)
FNDA:93,(anonymous_86)
FNDA:148,(anonymous_87)
FNDA:128,(anonymous_88)
FNDA:92,(anonymous_89)
FNDA:39,(anonymous_90)
FNDA:3089,(anonymous_91)
FNDA:69,(anonymous_92)
FNDA:83,(anonymous_93)
FNDA:0,(anonymous_94)
FNDA:26,(anonymous_95)
FNDA:10,(anonymous_96)
FNDA:202,(anonymous_97)
FNDA:43,(anonymous_98)
FNDA:29,(anonymous_99)
FNDA:1678,(anonymous_100)
FNDA:35,(anonymous_101)
FNDA:15,(anonymous_102)
FNDA:1617,(anonymous_103)
FNDA:48,(anonymous_104)
FNDA:16,(anonymous_105)
FNDA:3155,(anonymous_106)
FNDA:12,(anonymous_107)
FNDA:7,(anonymous_108)
FNDA:12,(anonymous_109)
FNDA:12,(anonymous_110)
FNDA:12,(anonymous_111)
FNDA:3,(anonymous_112)
FNDA:1626,(anonymous_113)
FNDA:67,(anonymous_114)
FNDA:60,(anonymous_115)
FNDA:0,(anonymous_116)
FNDA:29,(anonymous_117)
FNDA:49,(anonymous_118)
FNDA:0,(anonymous_119)
FNDA:10,(anonymous_120)
FNDA:25,(anonymous_121)
FNDA:1649,(anonymous_122)
FNDA:10,(anonymous_123)
FNDA:0,(anonymous_124)
FNDA:3,(anonymous_125)
FNDA:5,(anonymous_126)
FNDA:1613,(anonymous_127)
FNDA:8,(anonymous_128)
FNDA:0,(anonymous_129)
FNDA:4,(anonymous_130)
FNDA:4,(anonymous_131)
FNDA:1608,(anonymous_132)
FNDA:22,(anonymous_133)
FNDA:20,(anonymous_134)
FNDA:0,(anonymous_135)
FNDA:22,(anonymous_136)
FNDA:0,(anonymous_137)
FNDA:30,(anonymous_138)
FNDA:0,(anonymous_139)
FNDA:1681,(anonymous_140)
FNDA:12,(anonymous_141)
FNDA:5,(anonymous_142)
FNDA:33,(anonymous_143)
FNDA:10,(anonymous_144)
FNDA:4,(anonymous_145)
FNDA:28,(anonymous_146)
FNDA:12,(anonymous_147)
FNDA:13,(anonymous_148)
FNDA:12,(anonymous_149)
FNDA:13,(anonymous_150)
FNDA:33,(anonymous_151)
FNDA:20,(anonymous_152)
FNDA:1,(anonymous_153)
FNDA:1569,(anonymous_154)
FNDA:79,(anonymous_155)
FNDA:101,(anonymous_156)
FNDA:35,(anonymous_157)
FNDA:0,(anonymous_158)
FNDA:4289,(anonymous_159)
FNDA:56,(anonymous_160)
FNDA:25,(anonymous_161)
FNDA:24,(anonymous_162)
FNDA:26,(anonymous_163)
FNDA:23,(anonymous_164)
FNDA:16,(anonymous_165)
FNDA:25,(anonymous_166)
FNDA:10,(anonymous_167)
FNDA:23,(anonymous_168)
FNDA:3222,(anonymous_169)
FNDA:12,(anonymous_170)
FNDA:4,(anonymous_171)
FNDA:2,(anonymous_172)
FNDA:1600,(anonymous_173)
FNDA:11,(anonymous_174)
FNDA:11,(anonymous_175)
FNDA:12,(anonymous_176)
FNDA:3,(anonymous_177)
FNDA:1598,(anonymous_178)
FNDA:40,(anonymous_179)
FNDA:40,(anonymous_180)
FNDA:3451,(anonymous_181)
FNDA:5,(anonymous_182)
FNDA:1,(anonymous_183)
FNDA:24,(anonymous_184)
FNDA:35,(anonymous_185)
FNDA:3403,(anonymous_186)
FNDA:16,(anonymous_187)
FNDA:9,(anonymous_188)
FNDA:7,(anonymous_189)
FNDA:1693,(anonymous_190)
FNDA:19,(anonymous_191)
FNDA:18,(anonymous_192)
FNDA:20,(anonymous_193)
FNDA:8,(anonymous_194)
FNDA:1686,(anonymous_195)
FNDA:26,(anonymous_196)
FNDA:13,(anonymous_197)
FNDA:1633,(anonymous_198)
FNDA:11,(anonymous_199)
FNDA:0,(anonymous_200)
FNDA:29,(anonymous_201)
FNDA:26,(anonymous_202)
FNDA:10,parseAnchorNodeResolve
FNDA:15,(anonymous_204)
FNDA:8,(anonymous_205)
FNDA:6,(anonymous_206)
FNDA:9,(anonymous_207)
FNDA:9,(anonymous_208)
FNDA:29,(anonymous_209)
FNDA:1,(anonymous_210)
FNDA:1580,(anonymous_211)
FNDA:26,(anonymous_212)
FNDA:10,(anonymous_213)
FNDA:9,(anonymous_214)
FNDA:10,(anonymous_215)
FNDA:0,(anonymous_216)
FNDA:1555,(anonymous_217)
DA:1,26
DA:7,26
DA:8,26
DA:9,26
DA:10,26
DA:11,26
DA:12,26
DA:13,26
DA:19,26
DA:29,3203
DA:35,3203
DA:41,3203
DA:47,0
DA:54,13
DA:61,0
DA:68,0
DA:75,3203
DA:82,3203
DA:89,3203
DA:97,548
DA:105,74
DA:112,568
DA:120,82
DA:138,78
DA:151,5
DA:158,26
DA:163,1706
DA:169,1005
DA:176,5971
DA:183,0
DA:190,0
DA:197,50
DA:204,0
DA:212,0
DA:220,1126
DA:228,0
DA:235,10
DA:243,171
DA:251,0
DA:262,9
DA:273,138
DA:284,18
DA:295,40
DA:313,0
DA:330,1566
DA:356,23
DA:382,68
DA:390,9
DA:400,179
DA:401,76
DA:403,103
DA:412,3924
DA:419,26
DA:425,1464
DA:427,1464
DA:428,1464
DA:429,1464
DA:435,2752
DA:438,3118
DA:439,3118
DA:440,3118
DA:447,72
DA:454,453
DA:464,1464
DA:465,1464
DA:466,1464
DA:474,39
DA:481,26
DA:499,1221
DA:500,1221
DA:501,1221
DA:510,643
DA:519,13
DA:528,421
DA:529,421
DA:530,418
DA:531,413
DA:541,355
DA:542,2
DA:546,353
DA:557,351
DA:559,350
DA:560,2
DA:563,348
DA:575,78
DA:576,34
DA:578,44
DA:588,532
DA:597,435
DA:606,79
DA:607,77
DA:609,2
DA:619,1033
DA:630,175
DA:631,79
DA:633,96
DA:643,47
DA:651,187
DA:660,1379
DA:664,225
DA:672,35060
DA:679,26
DA:686,1441
DA:690,697
DA:698,3814
DA:705,26
DA:712,23
DA:716,3
DA:724,136
DA:731,26
DA:733,12
DA:737,0
DA:745,47
DA:752,26
DA:769,33
DA:770,33
DA:771,33
DA:775,10
DA:783,43
DA:792,26
DA:794,473
DA:803,104
DA:807,133
DA:815,7734
DA:824,26
DA:831,92
DA:833,92
DA:840,148
DA:847,128
DA:850,92
DA:854,39
DA:862,3089
DA:870,26
DA:878,69
DA:881,69
DA:888,83
DA:891,0
DA:896,26
DA:903,26
DA:910,26
DA:914,10
DA:922,202
DA:930,26
DA:937,43
DA:941,29
DA:949,1678
DA:958,26
DA:964,35
DA:968,15
DA:976,1617
DA:985,26
DA:991,48
DA:995,16
DA:1003,3155
DA:1014,26
DA:1022,12
DA:1024,12
DA:1025,12
DA:1032,7
DA:1035,12
DA:1042,12
DA:1045,12
DA:1050,3
DA:1058,1626
DA:1066,26
DA:1074,67
DA:1076,67
DA:1085,60
DA:1088,0
DA:1096,29
DA:1116,26
DA:1123,49
DA:1127,0
DA:1131,10
DA:1132,10
DA:1133,1
DA:1135,9
DA:1140,25
DA:1148,1649
DA:1158,26
DA:1165,10
DA:1169,0
DA:1170,0
DA:1171,0
DA:1173,0
DA:1178,3
DA:1179,3
DA:1180,3
DA:1182,0
DA:1188,5
DA:1196,1613
DA:1205,26
DA:1211,8
DA:1215,0
DA:1216,0
DA:1217,0
DA:1219,0
DA:1224,4
DA:1228,4
DA:1236,1608
DA:1248,26
DA:1263,22
DA:1264,22
DA:1266,22
DA:1268,22
DA:1270,22
DA:1271,10
DA:1273,12
DA:1283,20
DA:1286,0
DA:1293,22
DA:1296,0
DA:1303,30
DA:1306,0
DA:1307,0
DA:1309,0
DA:1318,1681
DA:1327,26
DA:1336,12
DA:1340,5
DA:1348,33
DA:1357,26
DA:1366,10
DA:1370,4
DA:1378,28
DA:1408,26
DA:1410,12
DA:1412,12
DA:1419,13
DA:1422,12
DA:1430,13
DA:1432,33
DA:1436,20
DA:1444,1
DA:1452,1569
DA:1460,26
DA:1462,79
DA:1464,79
DA:1465,79
DA:1472,101
DA:1479,35
DA:1482,0
DA:1490,4289
DA:1497,26
DA:1499,56
DA:1503,25
DA:1511,24
DA:1519,26
DA:1523,26
DA:1528,26
DA:1534,26
DA:1541,23
DA:1543,23
DA:1544,23
DA:1545,23
DA:1552,16
DA:1555,25
DA:1559,10
DA:1562,23
DA:1570,3222
DA:1577,26
DA:1579,12
DA:1588,4
DA:1589,4
DA:1590,3
DA:1592,1
DA:1597,2
DA:1605,1600
DA:1612,26
DA:1614,11
DA:1616,11
DA:1623,11
DA:1626,12
DA:1630,3
DA:1638,1598
DA:1646,26
DA:1648,40
DA:1650,40
DA:1657,40
DA:1665,3451
DA:1672,26
DA:1674,5
DA:1678,1
DA:1686,24
DA:1693,26
DA:1700,35
DA:1702,35
DA:1710,3403
DA:1717,26
DA:1719,16
DA:1728,9
DA:1729,9
DA:1730,8
DA:1732,1
DA:1737,7
DA:1745,1693
DA:1752,26
DA:1754,19
DA:1756,19
DA:1763,18
DA:1766,20
DA:1770,8
DA:1778,1686
DA:1785,26
DA:1787,26
DA:1789,26
DA:1797,13
DA:1805,1633
DA:1812,26
DA:1814,11
DA:1818,0
DA:1826,29
DA:1834,26
DA:1838,26
DA:1843,26
DA:1848,26
DA:1854,26
DA:1865,26
DA:1867,10
DA:1869,5
DA:1871,1
DA:1873,1
DA:1877,3
DA:1879,0
DA:1886,26
DA:1894,15
DA:1896,15
DA:1897,15
DA:1904,8
DA:1907,6
DA:1915,9
DA:1916,9
DA:1926,9
DA:1927,29
DA:1928,29
DA:1932,9
DA:1935,9
DA:1937,9
DA:1941,1
DA:1949,1580
DA:1956,26
DA:1960,26
DA:1965,26
DA:1972,26
DA:1979,10
DA:1981,10
DA:1988,9
DA:1989,9
DA:1990,3
DA:1994,6
DA:1996,0
DA:2000,10
DA:2004,0
DA:2012,1555
LF:354
LH:321
BRDA:7,0,0,26
BRDA:7,0,1,26
BRDA:150,1,0,5
BRDA:261,2,0,9
BRDA:272,3,0,0
BRDA:283,4,0,0
BRDA:294,5,0,20
BRDA:312,6,0,0
BRDA:329,7,0,138
BRDA:355,8,0,8
BRDA:381,9,0,20
BRDA:399,10,0,87
BRDA:400,11,0,76
BRDA:400,11,1,103
BRDA:412,12,0,3924
BRDA:412,12,1,3915
BRDA:412,12,2,2729
BRDA:463,13,0,764
BRDA:474,14,0,39
BRDA:474,14,1,26
BRDA:501,15,0,1221
BRDA:501,15,1,297
BRDA:519,16,0,13
BRDA:519,16,1,11
BRDA:529,17,0,3
BRDA:529,17,1,418
BRDA:530,18,0,5
BRDA:530,18,1,413
BRDA:541,19,0,2
BRDA:541,19,1,353
BRDA:559,20,0,2
BRDA:559,20,1,348
BRDA:575,21,0,34
BRDA:575,21,1,44
BRDA:606,22,0,77
BRDA:606,22,1,2
BRDA:630,23,0,79
BRDA:630,23,1,96
BRDA:663,24,0,0
BRDA:685,25,0,142
BRDA:711,26,0,2
BRDA:736,27,0,0
BRDA:768,28,0,2
BRDA:768,29,0,2
BRDA:806,30,0,122
BRDA:853,31,0,0
BRDA:862,32,0,3089
BRDA:862,32,1,878
BRDA:881,33,0,69
BRDA:881,33,1,15
BRDA:913,34,0,0
BRDA:922,35,0,202
BRDA:922,35,1,81
BRDA:940,36,0,0
BRDA:949,37,0,1678
BRDA:949,37,1,518
BRDA:967,38,0,0
BRDA:976,39,0,1617
BRDA:976,39,1,560
BRDA:994,40,0,0
BRDA:1003,41,0,3155
BRDA:1003,41,1,943
BRDA:1049,42,0,0
BRDA:1058,43,0,1626
BRDA:1058,43,1,466
BRDA:1132,44,0,1
BRDA:1132,44,1,9
BRDA:1132,45,0,10
BRDA:1132,45,1,9
BRDA:1132,45,2,9
BRDA:1139,46,0,0
BRDA:1148,47,0,1649
BRDA:1148,47,1,489
BRDA:1170,48,0,0
BRDA:1170,48,1,0
BRDA:1170,49,0,0
BRDA:1170,49,1,0
BRDA:1170,49,2,0
BRDA:1179,50,0,3
BRDA:1179,50,1,0
BRDA:1179,51,0,3
BRDA:1179,51,1,3
BRDA:1179,51,2,2
BRDA:1187,52,0,0
BRDA:1196,53,0,1613
BRDA:1196,53,1,458
BRDA:1216,54,0,0
BRDA:1216,54,1,0
BRDA:1216,55,0,0
BRDA:1216,55,1,0
BRDA:1216,55,2,0
BRDA:1227,56,0,0
BRDA:1236,57,0,1608
BRDA:1236,57,1,453
BRDA:1270,58,0,10
BRDA:1270,58,1,12
BRDA:1306,59,0,0
BRDA:1306,59,1,0
BRDA:1318,60,0,1681
BRDA:1318,60,1,511
BRDA:1339,61,0,0
BRDA:1348,62,0,33
BRDA:1348,62,1,11
BRDA:1369,63,0,0
BRDA:1378,64,0,28
BRDA:1378,64,1,6
BRDA:1443,65,0,0
BRDA:1452,66,0,1569
BRDA:1452,66,1,512
BRDA:1490,67,0,4289
BRDA:1490,67,1,1225
BRDA:1502,68,0,0
BRDA:1511,69,0,24
BRDA:1511,69,1,3
BRDA:1519,70,0,26
BRDA:1519,70,1,26
BRDA:1540,71,0,14
BRDA:1540,72,0,11
BRDA:1570,73,0,3222
BRDA:1570,73,1,95
BRDA:1589,74,0,3
BRDA:1589,74,1,1
BRDA:1596,75,0,0
BRDA:1605,76,0,1600
BRDA:1605,76,1,7
BRDA:1629,77,0,0
BRDA:1638,78,0,1598
BRDA:1638,78,1,5
BRDA:1665,79,0,3451
BRDA:1665,79,1,1116
BRDA:1677,80,0,0
BRDA:1686,81,0,24
BRDA:1686,81,1,3
BRDA:1710,82,0,3403
BRDA:1710,82,1,34
BRDA:1729,83,0,8
BRDA:1729,83,1,1
BRDA:1736,84,0,0
BRDA:1745,85,0,1693
BRDA:1745,85,1,17
BRDA:1769,86,0,0
BRDA:1778,87,0,1686
BRDA:1778,87,1,10
BRDA:1805,88,0,1633
BRDA:1805,88,1,463
BRDA:1817,89,0,0
BRDA:1826,90,0,29
BRDA:1826,90,1,7
BRDA:1834,91,0,26
BRDA:1834,91,1,26
BRDA:1868,92,0,5
BRDA:1868,92,1,1
BRDA:1868,92,2,1
BRDA:1868,92,3,3
BRDA:1868,92,4,3
BRDA:1868,92,5,3
BRDA:1868,92,6,0
BRDA:1897,93,0,15
BRDA:1897,93,1,4
BRDA:1928,94,0,29
BRDA:1928,94,1,20
BRDA:1940,95,0,0
BRDA:1949,96,0,1580
BRDA:1949,96,1,4
BRDA:1956,97,0,26
BRDA:1956,97,1,26
BRDA:1978,98,0,6
BRDA:1990,99,0,3
BRDA:1990,99,1,6
BRDA:1990,99,2,6
BRDA:1990,99,3,6
BRDA:1990,99,4,0
BRDA:2003,100,0,0
BRDA:2012,101,0,1555
BRDA:2012,101,1,396
BRF:175
BRH:134
end_of_record
TN:
SF:src/lib/dom/nodeLogic.ts
FN:37,detachNode
FN:39,(anonymous_1)
FN:61,hasChild
FN:72,appendChild
FN:96,prependChild
FN:117,clear
FN:128,appendChildNodes
FN:139,prependChildNodes
FN:152,appendSibling
FN:187,prependSibling
FN:220,getFirstNode
FN:232,getLastNode
FN:244,getFirstTag
FN:258,getLastTag
FN:274,getFirstText
FN:288,getLastText
FN:301,processClonedNode
FN:308,processClonedParentNode
FN:317,cloneAttributes
FN:331,cloneTagNode
FN:346,cloneTextNode
FN:359,cloneCommentNode
FN:373,cloneCDATANode
FN:386,cloneProcessingInstructionNode
FN:400,cloneDocumentNode
FN:414,cloneMFragmentNode
FN:430,cloneMSlotNode
FN:446,cloneMContentNode
FN:462,cloneMVarNode
FN:478,cloneMScopeNode
FN:494,cloneMImportNode
FN:510,cloneMIfNode
FN:526,cloneMElseIfNode
FN:542,cloneMElseNode
FN:557,cloneMForOfNode
FN:573,cloneMForInNode
FN:589,cloneMDataNode
FN:605,cloneUncompiledStyleNode
FN:621,cloneInternalStyleNode
FN:637,cloneExternalStyleNode
FN:653,cloneUncompiledScriptNode
FN:669,cloneInternalScriptNode
FN:685,cloneExternalScriptNode
FN:701,cloneUncompiledAnchorNode
FN:717,cloneCompiledAnchorNode
FN:733,cloneMWhitespaceNode
FN:750,findChildNode
FN:774,findChildNodes
FN:794,findChildTag
FN:795,(anonymous_49)
FN:805,findChildTags
FN:806,(anonymous_51)
FN:817,replaceNode
FN:832,getChildTags
FN:833,(anonymous_54)
FN:841,createDomFromChildren
FN:852,cloneChildNodes
FN:854,(anonymous_57)
FN:863,getPreviousTag
FN:880,getNextTag
FN:897,getPreviousText
FN:914,getNextText
FN:934,serializeNode
FN:942,serializeNodeAt
FN:960,serializeDocument
FN:964,serializeTag
FN:988,serializeText
FN:996,serializeComment
FN:1006,serializeCDATA
FN:1015,serializeProcessingInstruction
FN:1023,serializeDoctypePI
FN:1031,serializeChildNodes
FN:1037,escapeNonTextContent
FN:1045,escapeTextContent
FN:1049,appendAttributeList
FN:1070,isSelfClosingTag
FN:1106,findNextNode
FNF:77
FNH:74
FNDA:3969,detachNode
FNDA:8325,(anonymous_1)
FNDA:2,hasChild
FNDA:2610,appendChild
FNDA:6,prependChild
FNDA:11,clear
FNDA:558,appendChildNodes
FNDA:2,prependChildNodes
FNDA:550,appendSibling
FNDA:76,prependSibling
FNDA:1005,getFirstNode
FNDA:5971,getLastNode
FNDA:3,getFirstTag
FNDA:3,getLastTag
FNDA:53,getFirstText
FNDA:3,getLastText
FNDA:1274,processClonedNode
FNDA:564,processClonedParentNode
FNDA:428,cloneAttributes
FNDA:225,cloneTagNode
FNDA:697,cloneTextNode
FNDA:3,cloneCommentNode
FNDA:0,cloneCDATANode
FNDA:10,cloneProcessingInstructionNode
FNDA:136,cloneDocumentNode
FNDA:39,cloneMFragmentNode
FNDA:29,cloneMSlotNode
FNDA:10,cloneMContentNode
FNDA:15,cloneMVarNode
FNDA:16,cloneMScopeNode
FNDA:3,cloneMImportNode
FNDA:25,cloneMIfNode
FNDA:5,cloneMElseIfNode
FNDA:4,cloneMElseNode
FNDA:5,cloneMForOfNode
FNDA:4,cloneMForInNode
FNDA:1,cloneMDataNode
FNDA:25,cloneUncompiledStyleNode
FNDA:2,cloneInternalStyleNode
FNDA:3,cloneExternalStyleNode
FNDA:1,cloneUncompiledScriptNode
FNDA:7,cloneInternalScriptNode
FNDA:8,cloneExternalScriptNode
FNDA:0,cloneUncompiledAnchorNode
FNDA:1,cloneCompiledAnchorNode
FNDA:0,cloneMWhitespaceNode
FNDA:46,findChildNode
FNDA:750,findChildNodes
FNDA:18,findChildTag
FNDA:44,(anonymous_49)
FNDA:40,findChildTags
FNDA:623,(anonymous_51)
FNDA:164,replaceNode
FNDA:1,getChildTags
FNDA:5,(anonymous_54)
FNDA:9,createDomFromChildren
FNDA:563,cloneChildNodes
FNDA:1138,(anonymous_57)
FNDA:5,getPreviousTag
FNDA:18,getNextTag
FNDA:4,getPreviousText
FNDA:2,getNextText
FNDA:78,serializeNode
FNDA:603,serializeNodeAt
FNDA:78,serializeDocument
FNDA:239,serializeTag
FNDA:254,serializeText
FNDA:11,serializeComment
FNDA:3,serializeCDATA
FNDA:18,serializeProcessingInstruction
FNDA:18,serializeDoctypePI
FNDA:309,serializeChildNodes
FNDA:393,escapeNonTextContent
FNDA:265,escapeTextContent
FNDA:105,appendAttributeList
FNDA:239,isSelfClosingTag
FNDA:5,findNextNode
DA:1,26
DA:37,26
DA:38,3969
DA:39,8325
DA:42,3969
DA:43,588
DA:46,3969
DA:47,1066
DA:50,3969
DA:51,3969
DA:52,3969
DA:53,3969
DA:61,26
DA:62,2
DA:72,26
DA:73,2610
DA:74,2
DA:77,2608
DA:79,2608
DA:80,1672
DA:81,1672
DA:84,2608
DA:85,2608
DA:86,2608
DA:96,26
DA:97,6
DA:98,2
DA:101,4
DA:103,4
DA:104,3
DA:105,3
DA:108,4
DA:109,4
DA:110,4
DA:117,26
DA:118,11
DA:119,2
DA:128,26
DA:129,558
DA:130,1427
DA:139,26
DA:141,2
DA:142,3
DA:152,26
DA:153,550
DA:154,0
DA:156,550
DA:157,2
DA:160,548
DA:162,548
DA:164,548
DA:165,540
DA:166,540
DA:168,540
DA:169,540
DA:172,548
DA:173,342
DA:174,342
DA:177,548
DA:178,548
DA:187,26
DA:188,76
DA:189,0
DA:191,76
DA:192,1
DA:195,75
DA:197,75
DA:199,75
DA:200,67
DA:201,67
DA:203,67
DA:204,67
DA:207,75
DA:208,25
DA:209,25
DA:212,75
DA:213,75
DA:220,26
DA:221,1005
DA:222,808
DA:224,197
DA:232,26
DA:233,5971
DA:234,5033
DA:236,938
DA:244,26
DA:245,3
DA:246,5
DA:247,2
DA:251,1
DA:258,26
DA:259,3
DA:260,5
DA:262,5
DA:263,2
DA:267,1
DA:274,26
DA:275,53
DA:276,49
DA:277,46
DA:281,7
DA:288,26
DA:289,3
DA:290,5
DA:292,5
DA:293,2
DA:297,1
DA:302,1274
DA:303,7
DA:309,564
DA:311,564
DA:312,563
DA:318,428
DA:320,428
DA:322,428
DA:331,26
DA:332,225
DA:334,225
DA:336,225
DA:338,225
DA:346,26
DA:347,697
DA:349,697
DA:351,697
DA:359,26
DA:360,3
DA:362,3
DA:364,3
DA:373,26
DA:374,0
DA:376,0
DA:378,0
DA:386,26
DA:387,10
DA:389,10
DA:391,10
DA:400,26
DA:401,136
DA:403,136
DA:405,136
DA:414,26
DA:415,39
DA:417,39
DA:419,39
DA:421,39
DA:430,26
DA:431,29
DA:433,29
DA:435,29
DA:437,29
DA:446,26
DA:447,10
DA:449,10
DA:451,10
DA:453,10
DA:462,26
DA:463,15
DA:465,15
DA:467,15
DA:469,15
DA:478,26
DA:479,16
DA:481,16
DA:483,16
DA:485,16
DA:494,26
DA:495,3
DA:497,3
DA:499,3
DA:501,3
DA:510,26
DA:511,25
DA:513,25
DA:515,25
DA:517,25
DA:526,26
DA:527,5
DA:529,5
DA:531,5
DA:533,5
DA:542,26
DA:543,4
DA:545,4
DA:547,4
DA:549,4
DA:557,26
DA:558,5
DA:560,5
DA:562,5
DA:564,5
DA:573,26
DA:574,4
DA:576,4
DA:578,4
DA:580,4
DA:589,26
DA:590,1
DA:592,1
DA:594,1
DA:596,1
DA:605,26
DA:606,25
DA:608,25
DA:610,25
DA:612,25
DA:621,26
DA:622,2
DA:624,2
DA:626,2
DA:628,2
DA:637,26
DA:638,3
DA:640,3
DA:642,3
DA:644,3
DA:653,26
DA:654,1
DA:656,1
DA:658,1
DA:660,1
DA:669,26
DA:670,7
DA:672,7
DA:674,7
DA:676,7
DA:685,26
DA:686,8
DA:688,8
DA:690,8
DA:692,8
DA:701,26
DA:702,0
DA:704,0
DA:706,0
DA:708,0
DA:717,26
DA:718,1
DA:720,1
DA:722,1
DA:724,1
DA:733,26
DA:734,0
DA:736,0
DA:738,0
DA:740,0
DA:750,26
DA:751,46
DA:752,85
DA:753,26
DA:756,59
DA:757,12
DA:758,12
DA:759,1
DA:764,19
DA:774,26
DA:775,750
DA:776,2189
DA:777,52
DA:780,2189
DA:781,572
DA:785,750
DA:794,26
DA:795,44
DA:796,18
DA:805,26
DA:806,623
DA:807,40
DA:817,26
DA:818,164
DA:820,164
DA:821,480
DA:822,479
DA:825,163
DA:832,26
DA:833,5
DA:841,26
DA:843,9
DA:846,9
DA:848,9
DA:853,563
DA:854,1138
DA:855,381
DA:863,26
DA:864,5
DA:865,5
DA:866,9
DA:867,3
DA:870,6
DA:873,2
DA:880,26
DA:881,18
DA:882,18
DA:883,33
DA:884,15
DA:887,18
DA:890,3
DA:897,26
DA:898,4
DA:899,4
DA:900,3
DA:901,2
DA:904,1
DA:907,2
DA:914,26
DA:915,2
DA:916,2
DA:917,3
DA:918,2
DA:921,1
DA:924,0
DA:934,26
DA:935,78
DA:937,78
DA:939,78
DA:943,603
DA:944,239
DA:945,364
DA:946,254
DA:947,110
DA:948,11
DA:949,99
DA:950,78
DA:951,21
DA:952,3
DA:953,18
DA:954,18
DA:956,0
DA:961,78
DA:965,239
DA:966,239
DA:968,239
DA:969,239
DA:971,239
DA:972,105
DA:975,239
DA:976,11
DA:978,228
DA:980,228
DA:982,228
DA:983,228
DA:984,228
DA:989,254
DA:991,254
DA:992,254
DA:997,11
DA:998,11
DA:1000,11
DA:1001,11
DA:1003,11
DA:1007,3
DA:1009,3
DA:1011,3
DA:1016,18
DA:1017,18
DA:1019,0
DA:1024,18
DA:1026,18
DA:1027,18
DA:1028,18
DA:1032,309
DA:1033,525
DA:1038,393
DA:1046,265
DA:1050,105
DA:1051,140
DA:1052,140
DA:1054,140
DA:1056,140
DA:1058,140
DA:1060,136
DA:1061,136
DA:1063,136
DA:1064,136
DA:1065,136
DA:1071,239
DA:1076,26
DA:1106,26
DA:1108,5
DA:1111,11
DA:1112,4
DA:1116,7
DA:1117,7
DA:1118,7
DA:1119,0
DA:1125,1
LF:385
LH:368
BRDA:38,0,0,1440
BRDA:38,0,1,2529
BRDA:42,1,0,588
BRDA:42,1,1,3381
BRDA:46,2,0,1066
BRDA:46,2,1,2903
BRDA:73,3,0,2
BRDA:73,3,1,2608
BRDA:79,4,0,1672
BRDA:79,4,1,936
BRDA:97,5,0,2
BRDA:97,5,1,4
BRDA:103,6,0,3
BRDA:103,6,1,1
BRDA:153,7,0,0
BRDA:153,7,1,550
BRDA:156,8,0,2
BRDA:156,8,1,548
BRDA:164,9,0,540
BRDA:164,9,1,8
BRDA:172,10,0,342
BRDA:172,10,1,206
BRDA:188,11,0,0
BRDA:188,11,1,76
BRDA:191,12,0,1
BRDA:191,12,1,75
BRDA:199,13,0,67
BRDA:199,13,1,8
BRDA:207,14,0,25
BRDA:207,14,1,50
BRDA:221,15,0,808
BRDA:221,15,1,197
BRDA:233,16,0,5033
BRDA:233,16,1,938
BRDA:246,17,0,2
BRDA:246,17,1,3
BRDA:262,18,0,2
BRDA:262,18,1,3
BRDA:276,19,0,46
BRDA:276,19,1,3
BRDA:292,20,0,2
BRDA:292,20,1,3
BRDA:302,21,0,7
BRDA:302,21,1,1267
BRDA:311,22,0,563
BRDA:311,22,1,1
BRDA:752,23,0,26
BRDA:752,23,1,59
BRDA:756,24,0,12
BRDA:756,24,1,47
BRDA:756,25,0,59
BRDA:756,25,1,42
BRDA:758,26,0,1
BRDA:758,26,1,11
BRDA:774,27,0,178
BRDA:776,28,0,52
BRDA:776,28,1,2137
BRDA:780,29,0,572
BRDA:780,29,1,1617
BRDA:780,30,0,2189
BRDA:780,30,1,2189
BRDA:795,31,0,44
BRDA:795,31,1,23
BRDA:806,32,0,623
BRDA:806,32,1,160
BRDA:853,33,0,381
BRDA:853,33,1,182
BRDA:866,34,0,3
BRDA:866,34,1,6
BRDA:883,35,0,15
BRDA:883,35,1,18
BRDA:900,36,0,2
BRDA:900,36,1,1
BRDA:917,37,0,2
BRDA:917,37,1,1
BRDA:943,38,0,239
BRDA:943,38,1,364
BRDA:945,39,0,254
BRDA:945,39,1,110
BRDA:947,40,0,11
BRDA:947,40,1,99
BRDA:949,41,0,78
BRDA:949,41,1,21
BRDA:951,42,0,3
BRDA:951,42,1,18
BRDA:953,43,0,18
BRDA:953,43,1,0
BRDA:971,44,0,105
BRDA:971,44,1,134
BRDA:975,45,0,11
BRDA:975,45,1,228
BRDA:991,46,0,254
BRDA:991,46,1,0
BRDA:1000,47,0,11
BRDA:1000,47,1,0
BRDA:1016,48,0,18
BRDA:1016,48,1,0
BRDA:1058,49,0,136
BRDA:1058,49,1,4
BRDA:1111,50,0,4
BRDA:1111,50,1,7
BRDA:1111,51,0,11
BRDA:1111,51,1,6
BRDA:1116,52,0,7
BRDA:1116,52,1,0
BRDA:1116,53,0,7
BRDA:1116,53,1,7
BRDA:1118,54,0,0
BRDA:1118,54,1,7
BRF:109
BRH:101
end_of_record
TN:
SF:src/lib/fs/fsUtils.ts
FN:9,pathIsFile
FN:22,pathIsDirectory
FN:38,getDirectoryContents
FN:55,readFile
FN:72,writeFile
FNF:5
FNH:5
FNDA:50,pathIsFile
FNDA:18,pathIsDirectory
FNDA:6,getDirectoryContents
FNDA:23,readFile
FNDA:19,writeFile
DA:1,28
DA:2,28
DA:9,28
DA:10,50
DA:11,50
DA:13,12
DA:22,28
DA:23,18
DA:24,18
DA:26,2
DA:38,28
DA:39,6
DA:40,2
DA:43,4
DA:55,28
DA:56,23
DA:57,2
DA:60,21
DA:72,28
DA:73,19
DA:74,18
DA:75,18
DA:78,19
LF:23
LH:23
BRDA:39,0,0,2
BRDA:39,0,1,4
BRDA:55,1,0,23
BRDA:56,2,0,2
BRDA:56,2,1,21
BRDA:72,3,0,19
BRDA:73,4,0,18
BRDA:73,4,1,1
BRF:8
BRH:8
end_of_record
TN:
SF:src/lib/fs/pathUtils.ts
FN:14,fixPathSeparators
FN:31,resolveResPath
FN:76,computeRelativeResPath
FNF:3
FNH:3
FNDA:606,fixPathSeparators
FNDA:185,resolveResPath
FNDA:3,computeRelativeResPath
DA:1,29
DA:7,29
DA:14,29
DA:15,606
DA:31,29
DA:33,185
DA:36,185
DA:38,2
DA:41,2
DA:45,185
DA:46,67
DA:49,67
DA:51,1
DA:54,66
DA:58,67
DA:62,185
DA:76,29
DA:77,3
DA:78,3
DA:80,3
DA:81,3
DA:83,3
DA:84,3
DA:87,3
LF:24
LH:24
BRDA:36,0,0,2
BRDA:36,0,1,183
BRDA:45,1,0,67
BRDA:45,1,1,118
BRDA:45,2,0,185
BRDA:45,2,1,184
BRDA:49,3,0,1
BRDA:49,3,1,66
BRDA:83,4,0,3
BRDA:83,4,1,0
BRF:10
BRH:9
end_of_record
TN:
SF:src/lib/pipeline/pipelineCache.ts
FN:6,(anonymous_0)
FN:38,(anonymous_1)
FN:49,(anonymous_2)
FN:52,(anonymous_3)
FN:62,(anonymous_4)
FN:66,(anonymous_5)
FN:70,(anonymous_6)
FN:74,(anonymous_7)
FNF:8
FNH:8
FNDA:86,(anonymous_0)
FNDA:1,(anonymous_1)
FNDA:344,(anonymous_2)
FNDA:89,(anonymous_3)
FNDA:375,(anonymous_4)
FNDA:5,(anonymous_5)
FNDA:213,(anonymous_6)
FNDA:8,(anonymous_7)
DA:6,26
DA:12,86
DA:19,86
DA:26,86
DA:33,86
DA:39,1
DA:40,1
DA:41,1
DA:42,1
DA:50,344
DA:53,89
DA:54,8
DA:59,81
DA:63,375
DA:67,5
DA:71,213
DA:75,8
LF:17
LH:17
BRDA:53,0,0,8
BRDA:53,0,1,81
BRF:2
BRH:2
end_of_record
TN:
SF:src/lib/pipeline/standardPipeline.ts
FN:66,(anonymous_7)
FN:76,(anonymous_8)
FN:107,(anonymous_9)
FN:125,(anonymous_10)
FN:164,(anonymous_11)
FN:189,(anonymous_12)
FN:205,(anonymous_13)
FN:209,(anonymous_14)
FN:239,(anonymous_15)
FN:256,(anonymous_16)
FN:264,(anonymous_17)
FN:269,(anonymous_18)
FN:296,(anonymous_19)
FN:313,(anonymous_20)
FN:353,(anonymous_21)
FN:358,(anonymous_22)
FN:364,(anonymous_23)
FN:370,(anonymous_24)
FN:378,(anonymous_25)
FN:382,(anonymous_26)
FN:386,(anonymous_27)
FN:395,(anonymous_28)
FN:399,(anonymous_29)
FNF:23
FNH:19
FNDA:81,(anonymous_7)
FNDA:11,(anonymous_8)
FNDA:92,(anonymous_9)
FNDA:103,(anonymous_10)
FNDA:1513,(anonymous_11)
FNDA:15,(anonymous_12)
FNDA:0,(anonymous_13)
FNDA:0,(anonymous_14)
FNDA:0,(anonymous_15)
FNDA:12,(anonymous_16)
FNDA:0,(anonymous_17)
FNDA:103,(anonymous_18)
FNDA:144,(anonymous_19)
FNDA:15,(anonymous_20)
FNDA:93,(anonymous_21)
FNDA:15,(anonymous_22)
FNDA:17,(anonymous_23)
FNDA:7,(anonymous_24)
FNDA:20,(anonymous_25)
FNDA:18,(anonymous_26)
FNDA:19,(anonymous_27)
FNDA:3,(anonymous_28)
FNDA:2,(anonymous_29)
DA:1,26
DA:2,26
DA:3,26
DA:17,26
DA:23,26
DA:24,26
DA:25,26
DA:27,26
DA:29,26
DA:30,26
DA:31,26
DA:41,26
DA:67,81
DA:69,81
DA:71,81
DA:72,81
DA:73,81
DA:78,11
DA:81,11
DA:82,10
DA:85,10
DA:88,10
DA:91,10
DA:94,10
DA:97,10
DA:100,10
DA:109,92
DA:112,92
DA:117,92
DA:118,92
DA:119,48
DA:122,92
DA:127,103
DA:130,103
DA:133,103
DA:134,59
DA:143,103
DA:150,103
DA:152,102
DA:166,1513
DA:167,144
DA:170,144
DA:173,144
DA:177,1369
DA:190,15
DA:193,15
DA:196,15
DA:206,0
DA:211,0
DA:214,0
DA:216,0
DA:220,0
DA:223,0
DA:226,0
DA:241,0
DA:244,0
DA:247,0
DA:258,12
DA:261,12
DA:266,0
DA:272,103
DA:274,17
DA:278,86
DA:281,86
DA:284,86
DA:286,86
DA:290,103
DA:300,144
DA:301,46
DA:304,98
DA:307,98
DA:310,144
DA:317,15
DA:318,2
DA:321,13
DA:324,13
DA:327,15
DA:342,26
DA:354,93
DA:355,93
DA:359,15
DA:361,15
DA:365,17
DA:367,17
DA:371,7
DA:373,7
DA:375,7
DA:379,20
DA:383,18
DA:387,19
DA:388,19
DA:390,19
DA:392,19
DA:396,3
DA:400,2
LF:95
LH:84
BRDA:71,0,0,81
BRDA:71,0,1,24
BRDA:72,1,0,81
BRDA:72,1,1,81
BRDA:73,2,0,81
BRDA:73,2,1,81
BRDA:118,3,0,48
BRDA:118,3,1,44
BRDA:127,4,0,103
BRDA:127,4,1,59
BRDA:133,5,0,59
BRDA:133,5,1,44
BRDA:166,6,0,144
BRDA:166,6,1,1369
BRDA:214,7,0,0
BRDA:214,7,1,0
BRDA:272,8,0,17
BRDA:272,8,1,86
BRDA:300,9,0,46
BRDA:300,9,1,98
BRDA:317,10,0,2
BRDA:317,10,1,13
BRF:22
BRH:20
end_of_record
TN:
SF:src/lib/pipeline/module/evalEngine.ts
FN:10,invokeEvalFunc
FN:39,isExpressionString
FN:62,parseExpression
FN:89,parseTemplateString
FN:104,parseHandlebars
FN:121,parseScript
FN:136,requireFromRoot
FNF:7
FNH:7
FNDA:159,invokeEvalFunc
FNDA:1529,isExpressionString
FNDA:100,parseExpression
FNDA:54,parseTemplateString
FNDA:44,parseHandlebars
FNDA:111,parseScript
FNDA:2,requireFromRoot
DA:10,27
DA:12,159
DA:14,158
DA:16,80
DA:20,78
DA:27,27
DA:32,27
DA:39,27
DA:41,1529
DA:42,85
DA:46,1444
DA:47,67
DA:51,1377
DA:62,27
DA:64,100
DA:66,54
DA:70,46
DA:71,46
DA:73,44
DA:76,44
DA:79,2
DA:89,27
DA:91,54
DA:94,54
DA:104,27
DA:106,44
DA:109,44
DA:121,27
DA:122,111
DA:126,111
DA:128,0
DA:136,27
DA:137,2
DA:138,1
DA:139,1
DA:140,0
DA:145,2
LF:37
LH:35
BRDA:14,0,0,80
BRDA:14,0,1,78
BRDA:41,1,0,85
BRDA:41,1,1,1444
BRDA:46,2,0,67
BRDA:46,2,1,1377
BRDA:64,3,0,54
BRDA:64,3,1,46
BRDA:71,4,0,44
BRDA:71,4,1,2
BRDA:71,5,0,46
BRDA:71,5,1,44
BRDA:137,6,0,1
BRDA:137,6,1,1
BRDA:139,7,0,0
BRDA:139,7,1,1
BRF:16
BRH:15
end_of_record
TN:
SF:src/lib/pipeline/module/htmlCompiler.ts
FN:27,interpolateEvalTemplateString
FN:55,(anonymous_1)
FN:105,(anonymous_2)
FN:117,(anonymous_3)
FN:271,(anonymous_4)
FN:260,(anonymous_5)
FN:283,(anonymous_6)
FN:295,(anonymous_7)
FN:310,(anonymous_8)
FN:319,(anonymous_9)
FN:335,(anonymous_10)
FN:356,(anonymous_11)
FN:363,(anonymous_12)
FN:383,hasImport
FN:397,getImport
FNF:15
FNH:15
FNDA:88,interpolateEvalTemplateString
FNDA:81,(anonymous_1)
FNDA:103,(anonymous_2)
FNDA:1685,(anonymous_3)
FNDA:1821,(anonymous_4)
FNDA:19231,(anonymous_5)
FNDA:3,(anonymous_6)
FNDA:429,(anonymous_7)
FNDA:8,(anonymous_8)
FNDA:1569,(anonymous_9)
FNDA:15,(anonymous_10)
FNDA:1685,(anonymous_11)
FNDA:218,(anonymous_12)
FNDA:429,hasImport
FNDA:8,getImport
DA:1,26
DA:2,26
DA:3,26
DA:4,26
DA:5,26
DA:6,26
DA:7,26
DA:8,26
DA:14,26
DA:15,26
DA:16,26
DA:17,26
DA:27,26
DA:29,88
DA:32,88
DA:33,100
DA:34,100
DA:35,100
DA:38,100
DA:39,100
DA:43,88
DA:49,26
DA:56,81
DA:107,103
DA:114,103
DA:119,1685
DA:122,1685
DA:123,17718
DA:125,14608
DA:126,14608
DA:129,14607
DA:130,129
DA:139,1555
DA:141,503
DA:142,503
DA:144,1582
DA:147,1582
DA:152,1579
DA:155,200
DA:157,169
DA:160,31
DA:164,1379
DA:170,1552
DA:171,16829
DA:173,4602
DA:174,4602
DA:177,4602
DA:178,71
DA:235,26
DA:255,1821
DA:261,19231
DA:263,1821
DA:272,1821
DA:273,1821
DA:274,1821
DA:284,3
DA:285,3
DA:296,429
DA:311,8
DA:320,1569
DA:337,15
DA:339,15
DA:347,0
DA:357,1685
DA:364,218
DA:384,429
DA:386,429
DA:387,1785
DA:388,8
DA:391,1777
DA:394,421
DA:398,8
DA:400,8
DA:402,19
DA:403,8
DA:406,11
DA:409,0
LF:77
LH:75
BRDA:34,0,0,4
BRDA:34,0,1,96
BRDA:123,1,0,14608
BRDA:123,1,1,3110
BRDA:126,2,0,6615
BRDA:126,2,1,7993
BRDA:129,3,0,129
BRDA:129,3,1,14478
BRDA:139,4,0,503
BRDA:139,4,1,1052
BRDA:139,5,0,1555
BRDA:139,5,1,1452
BRDA:139,5,2,1452
BRDA:152,6,0,200
BRDA:152,6,1,1379
BRDA:155,7,0,169
BRDA:155,7,1,31
BRDA:171,8,0,4602
BRDA:171,8,1,12227
BRDA:174,9,0,1525
BRDA:174,9,1,3077
BRDA:177,10,0,71
BRDA:177,10,1,4531
BRDA:337,11,0,15
BRDA:337,11,1,0
BRDA:387,12,0,8
BRDA:387,12,1,1777
BRDA:402,13,0,8
BRDA:402,13,1,11
BRF:29
BRH:28
end_of_record
TN:
SF:src/lib/pipeline/module/pageBuilder.ts
FN:10,buildPage
FN:36,createHtml
FN:45,(anonymous_2)
FN:71,createHead
FN:84,(anonymous_4)
FN:103,createBody
FN:110,(anonymous_6)
FNF:7
FNH:6
FNDA:10,buildPage
FNDA:10,createHtml
FNDA:0,(anonymous_2)
FNDA:10,createHead
FNDA:46,(anonymous_4)
FNDA:10,createBody
FNDA:46,(anonymous_6)
DA:1,26
DA:10,26
DA:12,10
DA:13,10
DA:14,9
DA:18,10
DA:21,10
DA:24,10
DA:27,10
DA:30,10
DA:31,10
DA:32,10
DA:33,10
DA:37,10
DA:39,10
DA:40,10
DA:42,0
DA:45,0
DA:46,0
DA:47,0
DA:52,0
DA:56,10
DA:57,10
DA:60,10
DA:64,26
DA:72,10
DA:75,10
DA:77,9
DA:80,9
DA:84,46
DA:85,10
DA:88,10
DA:89,1
DA:90,1
DA:93,10
DA:98,26
DA:104,10
DA:107,10
DA:110,46
DA:111,18
DA:114,10
LF:41
LH:36
BRDA:46,0,0,0
BRDA:46,0,1,0
BRDA:56,1,0,10
BRDA:56,1,1,0
BRDA:88,2,0,1
BRDA:88,2,1,9
BRF:6
BRH:3
end_of_record
TN:
SF:src/lib/pipeline/module/resourceParser.ts
FN:10,(anonymous_0)
FN:20,(anonymous_1)
FNF:2
FNH:2
FNDA:81,(anonymous_0)
FNDA:86,(anonymous_1)
DA:1,26
DA:7,26
DA:11,81
DA:22,86
DA:25,86
LF:5
LH:5
BRF:0
BRH:0
end_of_record
TN:
SF:src/lib/pipeline/module/standardHtmlFormatter.ts
FN:24,(anonymous_0)
FN:28,(anonymous_1)
FN:46,(anonymous_2)
FN:56,(anonymous_3)
FN:62,(anonymous_4)
FN:68,(anonymous_5)
FN:116,(anonymous_6)
FN:164,(anonymous_7)
FN:169,(anonymous_8)
FN:194,(anonymous_9)
FN:221,(anonymous_10)
FN:236,(anonymous_11)
FN:251,(anonymous_12)
FN:346,createFormatterOptions
FN:361,createStandardHtmlFormatter
FNF:15
FNH:15
FNDA:105,(anonymous_0)
FNDA:78,(anonymous_1)
FNDA:30,(anonymous_2)
FNDA:57,(anonymous_3)
FNDA:69,(anonymous_4)
FNDA:203,(anonymous_5)
FNDA:422,(anonymous_6)
FNDA:146,(anonymous_7)
FNDA:420,(anonymous_8)
FNDA:422,(anonymous_9)
FNDA:422,(anonymous_10)
FNDA:422,(anonymous_11)
FNDA:26,(anonymous_12)
FNDA:105,createFormatterOptions
FNDA:13,createStandardHtmlFormatter
DA:1,26
DA:14,26
DA:25,105
DA:30,78
DA:32,69
DA:33,57
DA:37,69
DA:38,69
DA:42,69
DA:48,30
DA:49,9
DA:53,21
DA:57,57
DA:58,4
DA:63,69
DA:64,6
DA:69,203
DA:71,203
DA:73,491
DA:74,69
DA:75,69
DA:79,422
DA:82,422
DA:85,422
DA:88,422
DA:90,422
DA:92,219
DA:95,134
DA:99,219
DA:100,219
DA:102,170
DA:105,49
DA:106,49
DA:107,49
DA:111,203
DA:118,422
DA:119,2
DA:122,420
DA:125,420
DA:128,420
DA:129,292
DA:130,65
DA:132,227
DA:136,128
DA:139,128
DA:141,4
DA:142,8
DA:146,4
DA:149,4
DA:153,128
DA:154,128
DA:155,128
DA:156,180
DA:160,128
DA:166,146
DA:171,420
DA:173,69
DA:176,69
DA:179,69
DA:180,66
DA:184,69
DA:185,66
DA:188,69
DA:190,351
DA:195,422
DA:197,422
DA:198,422
DA:200,225
DA:203,225
DA:206,225
DA:207,0
DA:211,225
DA:214,225
DA:218,422
DA:222,422
DA:224,356
DA:227,66
DA:230,66
DA:232,66
DA:237,422
DA:239,422
DA:240,581
DA:243,422
DA:251,26
DA:255,26
DA:260,26
DA:265,26
DA:304,26
DA:317,26
DA:329,26
DA:346,26
DA:347,105
DA:349,75
DA:351,30
DA:361,26
DA:362,13
DA:364,4
DA:366,2
DA:368,2
DA:370,4
DA:372,1
LF:101
LH:100
BRDA:30,0,0,69
BRDA:30,0,1,9
BRDA:32,1,0,57
BRDA:32,1,1,12
BRDA:37,2,0,69
BRDA:37,2,1,0
BRDA:48,3,0,9
BRDA:48,3,1,21
BRDA:68,4,0,69
BRDA:73,5,0,69
BRDA:73,5,1,422
BRDA:90,6,0,219
BRDA:90,6,1,203
BRDA:92,7,0,134
BRDA:92,7,1,85
BRDA:92,8,0,219
BRDA:92,8,1,201
BRDA:100,9,0,170
BRDA:100,9,1,49
BRDA:118,10,0,2
BRDA:118,10,1,420
BRDA:128,11,0,292
BRDA:128,11,1,128
BRDA:128,12,0,420
BRDA:128,12,1,146
BRDA:129,13,0,65
BRDA:129,13,1,227
BRDA:139,14,0,4
BRDA:139,14,1,124
BRDA:154,15,0,82
BRDA:154,15,1,46
BRDA:166,16,0,146
BRDA:166,16,1,64
BRDA:166,16,2,20
BRDA:171,17,0,69
BRDA:171,17,1,351
BRDA:173,18,0,49
BRDA:173,18,1,20
BRDA:179,19,0,66
BRDA:179,19,1,3
BRDA:184,20,0,66
BRDA:184,20,1,3
BRDA:198,21,0,647
BRDA:198,21,1,444
BRDA:206,22,0,0
BRDA:206,22,1,225
BRDA:222,23,0,356
BRDA:222,23,1,66
BRDA:239,24,0,1003
BRDA:239,24,1,800
BRDA:251,25,0,26
BRDA:251,25,1,26
BRDA:346,26,0,105
BRDA:347,27,0,75
BRDA:347,27,1,30
BRDA:363,28,0,4
BRDA:363,28,1,2
BRDA:363,28,2,2
BRDA:363,28,3,4
BRDA:363,28,4,1
BRF:60
BRH:58
end_of_record
TN:
SF:src/lib/pipeline/module/compiler/anchorModule.ts
FN:17,(anonymous_1)
FN:31,compileAnchorNode
FN:48,resolveAnchorHref
FN:77,resolveAnchorHrefRoot
FN:92,resolveAnchorHrefLocal
FN:110,resolveAnchorHrefBase
FNF:6
FNH:6
FNDA:1556,(anonymous_1)
FNDA:6,compileAnchorNode
FNDA:11,resolveAnchorHref
FNDA:6,resolveAnchorHrefRoot
FNDA:4,resolveAnchorHrefLocal
FNDA:6,resolveAnchorHrefBase
DA:5,26
DA:10,26
DA:16,26
DA:19,1556
DA:20,1
DA:31,26
DA:33,6
DA:36,6
DA:37,6
DA:38,6
DA:48,26
DA:49,11
DA:52,3
DA:56,2
DA:59,2
DA:63,3
DA:66,1
DA:77,26
DA:79,6
DA:82,6
DA:92,26
DA:94,4
DA:97,4
DA:100,4
DA:110,26
DA:112,6
DA:115,6
DA:116,6
DA:119,6
DA:120,2
DA:124,4
DA:127,4
DA:130,4
LF:33
LH:33
BRDA:19,0,0,1
BRDA:19,0,1,1555
BRDA:51,1,0,3
BRDA:51,1,1,2
BRDA:51,1,2,2
BRDA:51,1,3,3
BRDA:51,1,4,1
BRDA:119,2,0,2
BRDA:119,2,1,4
BRF:9
BRH:9
end_of_record
TN:
SF:src/lib/pipeline/module/compiler/deduplicateModule.ts
FN:14,(anonymous_0)
FN:43,dedupeStyle
FN:67,dedupeLink
FNF:3
FNH:3
FNDA:1572,(anonymous_0)
FNDA:35,dedupeStyle
FNDA:8,dedupeLink
DA:2,26
DA:8,26
DA:13,26
DA:15,1572
DA:19,1572
DA:21,1019
DA:23,1019
DA:24,30
DA:26,989
DA:27,4
DA:43,26
DA:46,35
DA:49,35
DA:51,19
DA:54,16
DA:55,16
DA:67,26
DA:69,8
DA:70,7
DA:73,7
DA:75,3
DA:76,3
DA:79,4
LF:23
LH:23
BRDA:19,0,0,1019
BRDA:19,0,1,553
BRDA:23,1,0,30
BRDA:23,1,1,989
BRDA:26,2,0,4
BRDA:26,2,1,985
BRDA:26,3,0,989
BRDA:26,3,1,260
BRDA:49,4,0,19
BRDA:49,4,1,16
BRDA:49,5,0,35
BRDA:49,5,1,31
BRDA:69,6,0,7
BRDA:69,6,1,1
BRDA:73,7,0,3
BRDA:73,7,1,4
BRF:16
BRH:16
end_of_record
TN:
SF:src/lib/pipeline/module/compiler/domLogicModule.ts
FN:8,(anonymous_0)
FN:20,compileConditional
FN:36,removeFollowingConditionals
FN:51,compileMFor
FN:70,evaluateMFor
FN:80,evaluateForOf
FN:102,evaluateForIn
FN:123,compileIteration
FNF:8
FNH:8
FNDA:1625,(anonymous_0)
FNDA:29,compileConditional
FNDA:13,removeFollowingConditionals
FNDA:9,compileMFor
FNDA:9,evaluateMFor
FNDA:5,evaluateForOf
FNDA:4,evaluateForIn
FNDA:11,compileIteration
DA:2,26
DA:7,26
DA:9,1625
DA:11,29
DA:13,1596
DA:15,9
DA:22,29
DA:23,13
DA:26,13
DA:29,16
DA:33,29
DA:37,13
DA:39,13
DA:41,4
DA:44,4
DA:47,4
DA:53,9
DA:56,9
DA:60,9
DA:61,11
DA:62,11
DA:66,9
DA:67,9
DA:71,9
DA:72,5
DA:73,4
DA:74,4
DA:76,0
DA:81,5
DA:84,5
DA:87,5
DA:88,4
DA:89,4
DA:90,7
DA:95,7
DA:99,5
DA:103,4
DA:106,4
DA:107,3
DA:108,3
DA:109,3
DA:110,3
DA:111,4
DA:116,4
DA:120,4
DA:125,11
DA:128,11
DA:131,11
DA:132,8
DA:136,11
DA:137,11
DA:140,11
LF:52
LH:51
BRDA:9,0,0,29
BRDA:9,0,1,1596
BRDA:9,1,0,1625
BRDA:9,1,1,1601
BRDA:9,1,2,1597
BRDA:13,2,0,9
BRDA:13,2,1,1587
BRDA:22,3,0,13
BRDA:22,3,1,16
BRDA:71,4,0,5
BRDA:71,4,1,4
BRDA:73,5,0,4
BRDA:73,5,1,0
BRDA:87,6,0,4
BRDA:87,6,1,1
BRDA:87,7,0,5
BRDA:87,7,1,4
BRDA:106,8,0,3
BRDA:106,8,1,1
BRDA:106,9,0,4
BRDA:106,9,1,3
BRDA:131,10,0,8
BRDA:131,10,1,3
BRF:23
BRH:22
end_of_record
TN:
SF:src/lib/pipeline/module/compiler/expressionModule.ts
FN:8,(anonymous_0)
FN:18,processTextNode
FN:29,processTagNode
FNF:3
FNH:3
FNDA:1685,(anonymous_0)
FNDA:1039,processTextNode
FNDA:530,processTagNode
DA:2,26
DA:7,26
DA:9,1685
DA:10,1039
DA:12,646
DA:13,530
DA:20,1039
DA:23,1039
DA:26,1039
DA:31,530
DA:34,530
DA:35,515
DA:36,515
DA:39,515
DA:41,474
DA:44,474
LF:16
LH:16
BRDA:9,0,0,1039
BRDA:9,0,1,646
BRDA:12,1,0,530
BRDA:12,1,1,116
BRDA:26,2,0,1039
BRDA:26,2,1,0
BRDA:26,3,0,1039
BRDA:26,3,1,1039
BRDA:39,4,0,474
BRDA:39,4,1,41
BRF:10
BRH:9
end_of_record
TN:
SF:src/lib/pipeline/module/compiler/fragmentModule.ts
FN:18,(anonymous_0)
FN:25,replaceFragment
FN:51,extractSlotContents
FN:72,getContentDom
FN:83,convertNodeToContent
FN:92,getContentTargetName
FN:100,createFragmentScope
FN:103,(anonymous_7)
FN:106,(anonymous_8)
FN:109,(anonymous_9)
FNF:10
FNH:10
FNDA:1525,(anonymous_0)
FNDA:44,replaceFragment
FNDA:47,extractSlotContents
FNDA:87,getContentDom
FNDA:89,convertNodeToContent
FNDA:89,getContentTargetName
FNDA:48,createFragmentScope
FNDA:30,(anonymous_7)
FNDA:30,(anonymous_8)
FNDA:30,(anonymous_9)
DA:2,26
DA:11,26
DA:12,26
DA:17,26
DA:19,1525
DA:20,44
DA:25,26
DA:26,44
DA:29,44
DA:32,44
DA:33,44
DA:41,44
DA:44,44
DA:47,44
DA:48,44
DA:51,26
DA:52,47
DA:55,47
DA:57,87
DA:60,87
DA:63,87
DA:66,87
DA:69,47
DA:72,26
DA:73,87
DA:75,87
DA:76,25
DA:77,25
DA:80,87
DA:83,26
DA:85,89
DA:86,11
DA:88,78
DA:92,26
DA:93,89
DA:94,11
DA:96,78
DA:100,26
DA:101,48
DA:103,30
DA:106,30
DA:111,30
DA:113,30
LF:43
LH:43
BRDA:19,0,0,44
BRDA:19,0,1,1481
BRDA:75,1,0,25
BRDA:75,1,1,62
BRDA:85,2,0,11
BRDA:85,2,1,78
BRDA:93,3,0,11
BRDA:93,3,1,78
BRF:8
BRH:8
end_of_record
TN:
SF:src/lib/pipeline/module/compiler/importModule.ts
FN:8,(anonymous_0)
FN:21,registerImport
FN:36,replaceImport
FNF:3
FNH:3
FNDA:1587,(anonymous_0)
FNDA:3,registerImport
FNDA:8,replaceImport
DA:2,26
DA:7,26
DA:10,1587
DA:12,3
DA:14,1584
DA:16,8
DA:23,3
DA:26,3
DA:32,3
DA:33,3
DA:38,8
DA:41,8
DA:42,8
DA:45,8
DA:46,8
DA:47,8
LF:16
LH:16
BRDA:10,0,0,3
BRDA:10,0,1,1584
BRDA:14,1,0,8
BRDA:14,1,1,1576
BRDA:14,2,0,1584
BRDA:14,2,1,429
BRDA:23,3,0,3
BRDA:23,3,1,0
BRF:8
BRH:7
end_of_record
TN:
SF:src/lib/pipeline/module/compiler/scriptModule.ts
FN:6,(anonymous_0)
FN:18,compileInternalScript
FN:22,compileExternalScript
FN:30,compileScript
FNF:4
FNH:4
FNDA:1669,(anonymous_0)
FNDA:7,compileInternalScript
FNDA:8,compileExternalScript
FNDA:15,compileScript
DA:2,26
DA:3,26
DA:5,26
DA:7,1669
DA:9,7
DA:11,1662
DA:13,8
DA:19,7
DA:23,8
DA:25,8
DA:26,8
DA:27,8
DA:32,15
DA:35,15
DA:38,14
DA:39,14
LF:16
LH:16
BRDA:7,0,0,7
BRDA:7,0,1,1662
BRDA:11,1,0,8
BRDA:11,1,1,1654
BRF:4
BRH:4
end_of_record
TN:
SF:src/lib/pipeline/module/compiler/slotModule.ts
FN:8,(anonymous_0)
FNF:1
FNH:1
FNDA:1654,(anonymous_0)
DA:2,26
DA:7,26
DA:10,1654
DA:12,29
DA:14,29
DA:16,19
DA:19,10
DA:23,29
LF:8
LH:8
BRDA:10,0,0,29
BRDA:10,0,1,1625
BRDA:14,1,0,19
BRDA:14,1,1,10
BRF:4
BRH:4
end_of_record
TN:
SF:src/lib/pipeline/module/compiler/styleModule.ts
FN:15,(anonymous_0)
FN:32,compileStyle
FN:45,compileStyleHead
FN:60,getMimeTypeForLang
FN:68,compileStyleLink
FNF:5
FNH:3
FNDA:1576,(anonymous_0)
FNDA:5,compileStyle
FNDA:5,compileStyleHead
FNDA:0,getMimeTypeForLang
FNDA:0,compileStyleLink
DA:2,26
DA:12,26
DA:14,26
DA:16,1576
DA:18,1576
DA:20,2
DA:21,2
DA:23,1574
DA:25,3
DA:26,3
DA:27,3
DA:33,5
DA:35,5
DA:36,5
DA:38,0
DA:39,0
DA:41,0
DA:47,5
DA:49,5
DA:52,5
DA:53,5
DA:56,5
DA:57,5
DA:61,0
DA:62,0
DA:63,0
DA:64,0
DA:69,0
DA:72,0
DA:73,0
DA:76,0
DA:77,0
DA:78,0
DA:81,0
DA:82,0
LF:35
LH:20
BRDA:18,0,0,2
BRDA:18,0,1,1574
BRDA:23,1,0,3
BRDA:23,1,1,1571
BRDA:34,2,0,5
BRDA:34,2,1,0
BRDA:34,2,2,0
BRDA:62,3,0,0
BRDA:62,3,1,0
BRDA:62,3,2,0
BRF:10
BRH:5
end_of_record
TN:
SF:src/lib/pipeline/module/compiler/varModule.ts
FN:20,(anonymous_0)
FN:47,(anonymous_1)
FN:58,bindAttributeDataToScope
FN:69,processMData
FN:87,compileReference
FN:110,getTargetScope
FN:133,saveCompiledAttributeToScope
FNF:7
FNH:7
FNDA:1697,(anonymous_0)
FNDA:1556,(anonymous_1)
FNDA:92,bindAttributeDataToScope
FNDA:5,processMData
FNDA:5,compileReference
FNDA:97,getTargetScope
FNDA:88,saveCompiledAttributeToScope
DA:2,26
DA:13,26
DA:14,26
DA:19,26
DA:21,1697
DA:23,104
DA:25,1593
DA:27,18
DA:30,18
DA:31,18
DA:33,1575
DA:35,30
DA:37,1545
DA:39,5
DA:41,1540
DA:43,44
DA:49,1556
DA:51,29
DA:52,29
DA:58,26
DA:60,92
DA:63,92
DA:65,80
DA:69,26
DA:71,5
DA:74,5
DA:76,5
DA:79,5
DA:83,5
DA:84,5
DA:87,26
DA:88,5
DA:91,5
DA:94,5
DA:97,5
DA:100,4
DA:103,1
DA:106,0
DA:110,26
DA:112,97
DA:113,74
DA:117,23
DA:118,23
DA:122,0
DA:133,26
DA:135,88
DA:138,88
LF:47
LH:45
BRDA:21,0,0,104
BRDA:21,0,1,1593
BRDA:25,1,0,18
BRDA:25,1,1,1575
BRDA:33,2,0,30
BRDA:33,2,1,1545
BRDA:37,3,0,5
BRDA:37,3,1,1540
BRDA:41,4,0,44
BRDA:41,4,1,1496
BRDA:49,5,0,29
BRDA:49,5,1,1527
BRDA:98,6,0,4
BRDA:98,6,1,1
BRDA:98,6,2,0
BRDA:112,7,0,74
BRDA:112,7,1,23
BRDA:117,8,0,23
BRDA:117,8,1,0
BRF:19
BRH:17
end_of_record
TN:
SF:src/lib/pipeline/module/compiler/whitespaceModule.ts
FN:20,(anonymous_0)
FN:40,applyWhitespaceSettings
FNF:2
FNH:2
FNDA:1531,(anonymous_0)
FNDA:9,applyWhitespaceSettings
DA:5,26
DA:13,26
DA:19,26
DA:22,1531
DA:25,6
DA:26,6
DA:29,6
DA:42,9
DA:47,16
DA:50,15
DA:53,15
DA:54,12
DA:58,15
DA:59,3
LF:14
LH:14
BRDA:22,0,0,6
BRDA:22,0,1,1525
BRDA:47,1,0,15
BRDA:47,1,1,1
BRDA:53,2,0,12
BRDA:53,2,1,3
BRDA:58,3,0,3
BRDA:58,3,1,12
BRF:8
BRH:8
end_of_record
TN:
SF:src/lib/util/caseUtils.ts
FN:8,convertSnakeCaseToCamelCase
FN:11,(anonymous_1)
FN:22,convertCamelCaseToSnakeCase
FN:25,(anonymous_3)
FNF:4
FNH:4
FNDA:133,convertSnakeCaseToCamelCase
FNDA:35,(anonymous_1)
FNDA:12,convertCamelCaseToSnakeCase
FNDA:12,(anonymous_3)
DA:8,28
DA:11,133
DA:22,28
DA:23,12
DA:25,12
LF:5
LH:5
BRF:0
BRH:0
end_of_record
TN:
SF:src/lib/util/encodingUtils.ts
FN:14,hashMD5
FN:28,base64ToPathSafeBase64
FN:32,pathSafeBas64ToBase64
FNF:3
FNH:2
FNDA:26,hashMD5
FNDA:26,base64ToPathSafeBase64
FNDA:0,pathSafeBas64ToBase64
DA:1,27
DA:14,27
DA:16,26
DA:19,26
DA:22,26
DA:25,26
DA:28,27
DA:29,26
DA:32,27
DA:33,0
LF:10
LH:9
BRF:0
BRH:0
end_of_record
